Started GET "/" for ::1 at 2019-11-16 10:01:25 +0000
Processing by Rails::WelcomeController#index as HTML
  Rendering /Users/jp/.rvm/gems/ruby-2.6.1/gems/railties-5.2.3/lib/rails/templates/rails/welcome/index.html.erb
  Rendered /Users/jp/.rvm/gems/ruby-2.6.1/gems/railties-5.2.3/lib/rails/templates/rails/welcome/index.html.erb (6.5ms)
Completed 200 OK in 26ms (Views: 15.1ms | ActiveRecord: 0.0ms)


Started GET "/" for ::1 at 2019-11-16 10:47:46 +0000
Processing by HomeController#home as HTML
Completed 406 Not Acceptable in 6ms (ActiveRecord: 0.0ms)


  
ActionController::UnknownFormat (HomeController#home is missing a template for this request format and variant.

request.formats: ["text/html"]
request.variant: []

NOTE! For XHR/Ajax or API requests, this action would normally respond with 204 No Content: an empty white screen. Since you're loading it in a web browser, we assume that you expected to actually render a template, not nothing, so we're showing an error to be extra-clear. If you expect 204 No Content, carry on. That's what you'll get from an XHR or API request. Give it a shot.):
  
actionpack (5.2.3) lib/action_controller/metal/implicit_render.rb:55:in `default_render'
actionpack (5.2.3) lib/action_controller/metal/basic_implicit_render.rb:6:in `block in send_action'
actionpack (5.2.3) lib/action_controller/metal/basic_implicit_render.rb:6:in `tap'
actionpack (5.2.3) lib/action_controller/metal/basic_implicit_render.rb:6:in `send_action'
actionpack (5.2.3) lib/abstract_controller/base.rb:194:in `process_action'
actionpack (5.2.3) lib/action_controller/metal/rendering.rb:30:in `process_action'
actionpack (5.2.3) lib/abstract_controller/callbacks.rb:42:in `block in process_action'
activesupport (5.2.3) lib/active_support/callbacks.rb:132:in `run_callbacks'
actionpack (5.2.3) lib/abstract_controller/callbacks.rb:41:in `process_action'
actionpack (5.2.3) lib/action_controller/metal/rescue.rb:22:in `process_action'
actionpack (5.2.3) lib/action_controller/metal/instrumentation.rb:34:in `block in process_action'
activesupport (5.2.3) lib/active_support/notifications.rb:168:in `block in instrument'
activesupport (5.2.3) lib/active_support/notifications/instrumenter.rb:23:in `instrument'
activesupport (5.2.3) lib/active_support/notifications.rb:168:in `instrument'
actionpack (5.2.3) lib/action_controller/metal/instrumentation.rb:32:in `process_action'
actionpack (5.2.3) lib/action_controller/metal/params_wrapper.rb:256:in `process_action'
activerecord (5.2.3) lib/active_record/railties/controller_runtime.rb:24:in `process_action'
actionpack (5.2.3) lib/abstract_controller/base.rb:134:in `process'
actionview (5.2.3) lib/action_view/rendering.rb:32:in `process'
actionpack (5.2.3) lib/action_controller/metal.rb:191:in `dispatch'
actionpack (5.2.3) lib/action_controller/metal.rb:252:in `dispatch'
actionpack (5.2.3) lib/action_dispatch/routing/route_set.rb:52:in `dispatch'
actionpack (5.2.3) lib/action_dispatch/routing/route_set.rb:34:in `serve'
actionpack (5.2.3) lib/action_dispatch/journey/router.rb:52:in `block in serve'
actionpack (5.2.3) lib/action_dispatch/journey/router.rb:35:in `each'
actionpack (5.2.3) lib/action_dispatch/journey/router.rb:35:in `serve'
actionpack (5.2.3) lib/action_dispatch/routing/route_set.rb:840:in `call'
rack (2.0.7) lib/rack/tempfile_reaper.rb:15:in `call'
rack (2.0.7) lib/rack/etag.rb:25:in `call'
rack (2.0.7) lib/rack/conditional_get.rb:25:in `call'
rack (2.0.7) lib/rack/head.rb:12:in `call'
actionpack (5.2.3) lib/action_dispatch/http/content_security_policy.rb:18:in `call'
rack (2.0.7) lib/rack/session/abstract/id.rb:232:in `context'
rack (2.0.7) lib/rack/session/abstract/id.rb:226:in `call'
actionpack (5.2.3) lib/action_dispatch/middleware/cookies.rb:670:in `call'
activerecord (5.2.3) lib/active_record/migration.rb:559:in `call'
actionpack (5.2.3) lib/action_dispatch/middleware/callbacks.rb:28:in `block in call'
activesupport (5.2.3) lib/active_support/callbacks.rb:98:in `run_callbacks'
actionpack (5.2.3) lib/action_dispatch/middleware/callbacks.rb:26:in `call'
actionpack (5.2.3) lib/action_dispatch/middleware/executor.rb:14:in `call'
actionpack (5.2.3) lib/action_dispatch/middleware/debug_exceptions.rb:61:in `call'
web-console (3.7.0) lib/web_console/middleware.rb:135:in `call_app'
web-console (3.7.0) lib/web_console/middleware.rb:30:in `block in call'
web-console (3.7.0) lib/web_console/middleware.rb:20:in `catch'
web-console (3.7.0) lib/web_console/middleware.rb:20:in `call'
actionpack (5.2.3) lib/action_dispatch/middleware/show_exceptions.rb:33:in `call'
railties (5.2.3) lib/rails/rack/logger.rb:38:in `call_app'
railties (5.2.3) lib/rails/rack/logger.rb:26:in `block in call'
activesupport (5.2.3) lib/active_support/tagged_logging.rb:71:in `block in tagged'
activesupport (5.2.3) lib/active_support/tagged_logging.rb:28:in `tagged'
activesupport (5.2.3) lib/active_support/tagged_logging.rb:71:in `tagged'
railties (5.2.3) lib/rails/rack/logger.rb:26:in `call'
sprockets-rails (3.2.1) lib/sprockets/rails/quiet_assets.rb:13:in `call'
actionpack (5.2.3) lib/action_dispatch/middleware/remote_ip.rb:81:in `call'
actionpack (5.2.3) lib/action_dispatch/middleware/request_id.rb:27:in `call'
rack (2.0.7) lib/rack/method_override.rb:22:in `call'
rack (2.0.7) lib/rack/runtime.rb:22:in `call'
activesupport (5.2.3) lib/active_support/cache/strategy/local_cache_middleware.rb:29:in `call'
actionpack (5.2.3) lib/action_dispatch/middleware/executor.rb:14:in `call'
actionpack (5.2.3) lib/action_dispatch/middleware/static.rb:127:in `call'
rack (2.0.7) lib/rack/sendfile.rb:111:in `call'
railties (5.2.3) lib/rails/engine.rb:524:in `call'
puma (3.12.1) lib/puma/configuration.rb:227:in `call'
puma (3.12.1) lib/puma/server.rb:660:in `handle_request'
puma (3.12.1) lib/puma/server.rb:474:in `process_client'
puma (3.12.1) lib/puma/server.rb:334:in `block in run'
puma (3.12.1) lib/puma/thread_pool.rb:135:in `block in spawn_thread'
Started GET "/" for ::1 at 2019-11-16 10:47:57 +0000
  
ArgumentError ('Home' is not a supported controller name. This can lead to potential routing problems. See http://guides.rubyonrails.org/routing.html#specifying-a-controller-to-use):
  
config/routes.rb:3:in `block in <main>'
config/routes.rb:1:in `<main>'
Started GET "/" for ::1 at 2019-11-16 10:48:40 +0000
Processing by ApplicationController#home as HTML
Completed 406 Not Acceptable in 2ms (ActiveRecord: 0.0ms)


  
ActionController::UnknownFormat (ApplicationController#home is missing a template for this request format and variant.

request.formats: ["text/html"]
request.variant: []

NOTE! For XHR/Ajax or API requests, this action would normally respond with 204 No Content: an empty white screen. Since you're loading it in a web browser, we assume that you expected to actually render a template, not nothing, so we're showing an error to be extra-clear. If you expect 204 No Content, carry on. That's what you'll get from an XHR or API request. Give it a shot.):
  
actionpack (5.2.3) lib/action_controller/metal/implicit_render.rb:55:in `default_render'
actionpack (5.2.3) lib/action_controller/metal/basic_implicit_render.rb:6:in `block in send_action'
actionpack (5.2.3) lib/action_controller/metal/basic_implicit_render.rb:6:in `tap'
actionpack (5.2.3) lib/action_controller/metal/basic_implicit_render.rb:6:in `send_action'
actionpack (5.2.3) lib/abstract_controller/base.rb:194:in `process_action'
actionpack (5.2.3) lib/action_controller/metal/rendering.rb:30:in `process_action'
actionpack (5.2.3) lib/abstract_controller/callbacks.rb:42:in `block in process_action'
activesupport (5.2.3) lib/active_support/callbacks.rb:132:in `run_callbacks'
actionpack (5.2.3) lib/abstract_controller/callbacks.rb:41:in `process_action'
actionpack (5.2.3) lib/action_controller/metal/rescue.rb:22:in `process_action'
actionpack (5.2.3) lib/action_controller/metal/instrumentation.rb:34:in `block in process_action'
activesupport (5.2.3) lib/active_support/notifications.rb:168:in `block in instrument'
activesupport (5.2.3) lib/active_support/notifications/instrumenter.rb:23:in `instrument'
activesupport (5.2.3) lib/active_support/notifications.rb:168:in `instrument'
actionpack (5.2.3) lib/action_controller/metal/instrumentation.rb:32:in `process_action'
actionpack (5.2.3) lib/action_controller/metal/params_wrapper.rb:256:in `process_action'
activerecord (5.2.3) lib/active_record/railties/controller_runtime.rb:24:in `process_action'
actionpack (5.2.3) lib/abstract_controller/base.rb:134:in `process'
actionview (5.2.3) lib/action_view/rendering.rb:32:in `process'
actionpack (5.2.3) lib/action_controller/metal.rb:191:in `dispatch'
actionpack (5.2.3) lib/action_controller/metal.rb:252:in `dispatch'
actionpack (5.2.3) lib/action_dispatch/routing/route_set.rb:52:in `dispatch'
actionpack (5.2.3) lib/action_dispatch/routing/route_set.rb:34:in `serve'
actionpack (5.2.3) lib/action_dispatch/journey/router.rb:52:in `block in serve'
actionpack (5.2.3) lib/action_dispatch/journey/router.rb:35:in `each'
actionpack (5.2.3) lib/action_dispatch/journey/router.rb:35:in `serve'
actionpack (5.2.3) lib/action_dispatch/routing/route_set.rb:840:in `call'
rack (2.0.7) lib/rack/tempfile_reaper.rb:15:in `call'
rack (2.0.7) lib/rack/etag.rb:25:in `call'
rack (2.0.7) lib/rack/conditional_get.rb:25:in `call'
rack (2.0.7) lib/rack/head.rb:12:in `call'
actionpack (5.2.3) lib/action_dispatch/http/content_security_policy.rb:18:in `call'
rack (2.0.7) lib/rack/session/abstract/id.rb:232:in `context'
rack (2.0.7) lib/rack/session/abstract/id.rb:226:in `call'
actionpack (5.2.3) lib/action_dispatch/middleware/cookies.rb:670:in `call'
activerecord (5.2.3) lib/active_record/migration.rb:559:in `call'
actionpack (5.2.3) lib/action_dispatch/middleware/callbacks.rb:28:in `block in call'
activesupport (5.2.3) lib/active_support/callbacks.rb:98:in `run_callbacks'
actionpack (5.2.3) lib/action_dispatch/middleware/callbacks.rb:26:in `call'
actionpack (5.2.3) lib/action_dispatch/middleware/executor.rb:14:in `call'
actionpack (5.2.3) lib/action_dispatch/middleware/debug_exceptions.rb:61:in `call'
web-console (3.7.0) lib/web_console/middleware.rb:135:in `call_app'
web-console (3.7.0) lib/web_console/middleware.rb:30:in `block in call'
web-console (3.7.0) lib/web_console/middleware.rb:20:in `catch'
web-console (3.7.0) lib/web_console/middleware.rb:20:in `call'
actionpack (5.2.3) lib/action_dispatch/middleware/show_exceptions.rb:33:in `call'
railties (5.2.3) lib/rails/rack/logger.rb:38:in `call_app'
railties (5.2.3) lib/rails/rack/logger.rb:26:in `block in call'
activesupport (5.2.3) lib/active_support/tagged_logging.rb:71:in `block in tagged'
activesupport (5.2.3) lib/active_support/tagged_logging.rb:28:in `tagged'
activesupport (5.2.3) lib/active_support/tagged_logging.rb:71:in `tagged'
railties (5.2.3) lib/rails/rack/logger.rb:26:in `call'
sprockets-rails (3.2.1) lib/sprockets/rails/quiet_assets.rb:13:in `call'
actionpack (5.2.3) lib/action_dispatch/middleware/remote_ip.rb:81:in `call'
actionpack (5.2.3) lib/action_dispatch/middleware/request_id.rb:27:in `call'
rack (2.0.7) lib/rack/method_override.rb:22:in `call'
rack (2.0.7) lib/rack/runtime.rb:22:in `call'
activesupport (5.2.3) lib/active_support/cache/strategy/local_cache_middleware.rb:29:in `call'
actionpack (5.2.3) lib/action_dispatch/middleware/executor.rb:14:in `call'
actionpack (5.2.3) lib/action_dispatch/middleware/static.rb:127:in `call'
rack (2.0.7) lib/rack/sendfile.rb:111:in `call'
railties (5.2.3) lib/rails/engine.rb:524:in `call'
puma (3.12.1) lib/puma/configuration.rb:227:in `call'
puma (3.12.1) lib/puma/server.rb:660:in `handle_request'
puma (3.12.1) lib/puma/server.rb:474:in `process_client'
puma (3.12.1) lib/puma/server.rb:334:in `block in run'
puma (3.12.1) lib/puma/thread_pool.rb:135:in `block in spawn_thread'
Started GET "/" for ::1 at 2019-11-16 11:03:15 +0000
Processing by HomeController#landing as HTML
Completed 406 Not Acceptable in 4ms (ActiveRecord: 0.0ms)


  
ActionController::UnknownFormat (HomeController#landing is missing a template for this request format and variant.

request.formats: ["text/html"]
request.variant: []

NOTE! For XHR/Ajax or API requests, this action would normally respond with 204 No Content: an empty white screen. Since you're loading it in a web browser, we assume that you expected to actually render a template, not nothing, so we're showing an error to be extra-clear. If you expect 204 No Content, carry on. That's what you'll get from an XHR or API request. Give it a shot.):
  
actionpack (5.2.3) lib/action_controller/metal/implicit_render.rb:55:in `default_render'
actionpack (5.2.3) lib/action_controller/metal/basic_implicit_render.rb:6:in `block in send_action'
actionpack (5.2.3) lib/action_controller/metal/basic_implicit_render.rb:6:in `tap'
actionpack (5.2.3) lib/action_controller/metal/basic_implicit_render.rb:6:in `send_action'
actionpack (5.2.3) lib/abstract_controller/base.rb:194:in `process_action'
actionpack (5.2.3) lib/action_controller/metal/rendering.rb:30:in `process_action'
actionpack (5.2.3) lib/abstract_controller/callbacks.rb:42:in `block in process_action'
activesupport (5.2.3) lib/active_support/callbacks.rb:132:in `run_callbacks'
actionpack (5.2.3) lib/abstract_controller/callbacks.rb:41:in `process_action'
actionpack (5.2.3) lib/action_controller/metal/rescue.rb:22:in `process_action'
actionpack (5.2.3) lib/action_controller/metal/instrumentation.rb:34:in `block in process_action'
activesupport (5.2.3) lib/active_support/notifications.rb:168:in `block in instrument'
activesupport (5.2.3) lib/active_support/notifications/instrumenter.rb:23:in `instrument'
activesupport (5.2.3) lib/active_support/notifications.rb:168:in `instrument'
actionpack (5.2.3) lib/action_controller/metal/instrumentation.rb:32:in `process_action'
actionpack (5.2.3) lib/action_controller/metal/params_wrapper.rb:256:in `process_action'
activerecord (5.2.3) lib/active_record/railties/controller_runtime.rb:24:in `process_action'
actionpack (5.2.3) lib/abstract_controller/base.rb:134:in `process'
actionview (5.2.3) lib/action_view/rendering.rb:32:in `process'
actionpack (5.2.3) lib/action_controller/metal.rb:191:in `dispatch'
actionpack (5.2.3) lib/action_controller/metal.rb:252:in `dispatch'
actionpack (5.2.3) lib/action_dispatch/routing/route_set.rb:52:in `dispatch'
actionpack (5.2.3) lib/action_dispatch/routing/route_set.rb:34:in `serve'
actionpack (5.2.3) lib/action_dispatch/journey/router.rb:52:in `block in serve'
actionpack (5.2.3) lib/action_dispatch/journey/router.rb:35:in `each'
actionpack (5.2.3) lib/action_dispatch/journey/router.rb:35:in `serve'
actionpack (5.2.3) lib/action_dispatch/routing/route_set.rb:840:in `call'
rack (2.0.7) lib/rack/tempfile_reaper.rb:15:in `call'
rack (2.0.7) lib/rack/etag.rb:25:in `call'
rack (2.0.7) lib/rack/conditional_get.rb:25:in `call'
rack (2.0.7) lib/rack/head.rb:12:in `call'
actionpack (5.2.3) lib/action_dispatch/http/content_security_policy.rb:18:in `call'
rack (2.0.7) lib/rack/session/abstract/id.rb:232:in `context'
rack (2.0.7) lib/rack/session/abstract/id.rb:226:in `call'
actionpack (5.2.3) lib/action_dispatch/middleware/cookies.rb:670:in `call'
activerecord (5.2.3) lib/active_record/migration.rb:559:in `call'
actionpack (5.2.3) lib/action_dispatch/middleware/callbacks.rb:28:in `block in call'
activesupport (5.2.3) lib/active_support/callbacks.rb:98:in `run_callbacks'
actionpack (5.2.3) lib/action_dispatch/middleware/callbacks.rb:26:in `call'
actionpack (5.2.3) lib/action_dispatch/middleware/executor.rb:14:in `call'
actionpack (5.2.3) lib/action_dispatch/middleware/debug_exceptions.rb:61:in `call'
web-console (3.7.0) lib/web_console/middleware.rb:135:in `call_app'
web-console (3.7.0) lib/web_console/middleware.rb:30:in `block in call'
web-console (3.7.0) lib/web_console/middleware.rb:20:in `catch'
web-console (3.7.0) lib/web_console/middleware.rb:20:in `call'
actionpack (5.2.3) lib/action_dispatch/middleware/show_exceptions.rb:33:in `call'
railties (5.2.3) lib/rails/rack/logger.rb:38:in `call_app'
railties (5.2.3) lib/rails/rack/logger.rb:26:in `block in call'
activesupport (5.2.3) lib/active_support/tagged_logging.rb:71:in `block in tagged'
activesupport (5.2.3) lib/active_support/tagged_logging.rb:28:in `tagged'
activesupport (5.2.3) lib/active_support/tagged_logging.rb:71:in `tagged'
railties (5.2.3) lib/rails/rack/logger.rb:26:in `call'
sprockets-rails (3.2.1) lib/sprockets/rails/quiet_assets.rb:13:in `call'
actionpack (5.2.3) lib/action_dispatch/middleware/remote_ip.rb:81:in `call'
actionpack (5.2.3) lib/action_dispatch/middleware/request_id.rb:27:in `call'
rack (2.0.7) lib/rack/method_override.rb:22:in `call'
rack (2.0.7) lib/rack/runtime.rb:22:in `call'
activesupport (5.2.3) lib/active_support/cache/strategy/local_cache_middleware.rb:29:in `call'
actionpack (5.2.3) lib/action_dispatch/middleware/executor.rb:14:in `call'
actionpack (5.2.3) lib/action_dispatch/middleware/static.rb:127:in `call'
rack (2.0.7) lib/rack/sendfile.rb:111:in `call'
railties (5.2.3) lib/rails/engine.rb:524:in `call'
puma (3.12.1) lib/puma/configuration.rb:227:in `call'
puma (3.12.1) lib/puma/server.rb:660:in `handle_request'
puma (3.12.1) lib/puma/server.rb:474:in `process_client'
puma (3.12.1) lib/puma/server.rb:334:in `block in run'
puma (3.12.1) lib/puma/thread_pool.rb:135:in `block in spawn_thread'
Started GET "/" for ::1 at 2019-11-16 11:03:48 +0000
Processing by HomeController#landing as HTML
Completed 406 Not Acceptable in 5ms (ActiveRecord: 0.0ms)


  
ActionController::UnknownFormat (HomeController#landing is missing a template for this request format and variant.

request.formats: ["text/html"]
request.variant: []

NOTE! For XHR/Ajax or API requests, this action would normally respond with 204 No Content: an empty white screen. Since you're loading it in a web browser, we assume that you expected to actually render a template, not nothing, so we're showing an error to be extra-clear. If you expect 204 No Content, carry on. That's what you'll get from an XHR or API request. Give it a shot.):
  
actionpack (5.2.3) lib/action_controller/metal/implicit_render.rb:55:in `default_render'
actionpack (5.2.3) lib/action_controller/metal/basic_implicit_render.rb:6:in `block in send_action'
actionpack (5.2.3) lib/action_controller/metal/basic_implicit_render.rb:6:in `tap'
actionpack (5.2.3) lib/action_controller/metal/basic_implicit_render.rb:6:in `send_action'
actionpack (5.2.3) lib/abstract_controller/base.rb:194:in `process_action'
actionpack (5.2.3) lib/action_controller/metal/rendering.rb:30:in `process_action'
actionpack (5.2.3) lib/abstract_controller/callbacks.rb:42:in `block in process_action'
activesupport (5.2.3) lib/active_support/callbacks.rb:132:in `run_callbacks'
actionpack (5.2.3) lib/abstract_controller/callbacks.rb:41:in `process_action'
actionpack (5.2.3) lib/action_controller/metal/rescue.rb:22:in `process_action'
actionpack (5.2.3) lib/action_controller/metal/instrumentation.rb:34:in `block in process_action'
activesupport (5.2.3) lib/active_support/notifications.rb:168:in `block in instrument'
activesupport (5.2.3) lib/active_support/notifications/instrumenter.rb:23:in `instrument'
activesupport (5.2.3) lib/active_support/notifications.rb:168:in `instrument'
actionpack (5.2.3) lib/action_controller/metal/instrumentation.rb:32:in `process_action'
actionpack (5.2.3) lib/action_controller/metal/params_wrapper.rb:256:in `process_action'
activerecord (5.2.3) lib/active_record/railties/controller_runtime.rb:24:in `process_action'
actionpack (5.2.3) lib/abstract_controller/base.rb:134:in `process'
actionview (5.2.3) lib/action_view/rendering.rb:32:in `process'
actionpack (5.2.3) lib/action_controller/metal.rb:191:in `dispatch'
actionpack (5.2.3) lib/action_controller/metal.rb:252:in `dispatch'
actionpack (5.2.3) lib/action_dispatch/routing/route_set.rb:52:in `dispatch'
actionpack (5.2.3) lib/action_dispatch/routing/route_set.rb:34:in `serve'
actionpack (5.2.3) lib/action_dispatch/journey/router.rb:52:in `block in serve'
actionpack (5.2.3) lib/action_dispatch/journey/router.rb:35:in `each'
actionpack (5.2.3) lib/action_dispatch/journey/router.rb:35:in `serve'
actionpack (5.2.3) lib/action_dispatch/routing/route_set.rb:840:in `call'
rack (2.0.7) lib/rack/tempfile_reaper.rb:15:in `call'
rack (2.0.7) lib/rack/etag.rb:25:in `call'
rack (2.0.7) lib/rack/conditional_get.rb:25:in `call'
rack (2.0.7) lib/rack/head.rb:12:in `call'
actionpack (5.2.3) lib/action_dispatch/http/content_security_policy.rb:18:in `call'
rack (2.0.7) lib/rack/session/abstract/id.rb:232:in `context'
rack (2.0.7) lib/rack/session/abstract/id.rb:226:in `call'
actionpack (5.2.3) lib/action_dispatch/middleware/cookies.rb:670:in `call'
activerecord (5.2.3) lib/active_record/migration.rb:559:in `call'
actionpack (5.2.3) lib/action_dispatch/middleware/callbacks.rb:28:in `block in call'
activesupport (5.2.3) lib/active_support/callbacks.rb:98:in `run_callbacks'
actionpack (5.2.3) lib/action_dispatch/middleware/callbacks.rb:26:in `call'
actionpack (5.2.3) lib/action_dispatch/middleware/executor.rb:14:in `call'
actionpack (5.2.3) lib/action_dispatch/middleware/debug_exceptions.rb:61:in `call'
web-console (3.7.0) lib/web_console/middleware.rb:135:in `call_app'
web-console (3.7.0) lib/web_console/middleware.rb:30:in `block in call'
web-console (3.7.0) lib/web_console/middleware.rb:20:in `catch'
web-console (3.7.0) lib/web_console/middleware.rb:20:in `call'
actionpack (5.2.3) lib/action_dispatch/middleware/show_exceptions.rb:33:in `call'
railties (5.2.3) lib/rails/rack/logger.rb:38:in `call_app'
railties (5.2.3) lib/rails/rack/logger.rb:26:in `block in call'
activesupport (5.2.3) lib/active_support/tagged_logging.rb:71:in `block in tagged'
activesupport (5.2.3) lib/active_support/tagged_logging.rb:28:in `tagged'
activesupport (5.2.3) lib/active_support/tagged_logging.rb:71:in `tagged'
railties (5.2.3) lib/rails/rack/logger.rb:26:in `call'
sprockets-rails (3.2.1) lib/sprockets/rails/quiet_assets.rb:13:in `call'
actionpack (5.2.3) lib/action_dispatch/middleware/remote_ip.rb:81:in `call'
actionpack (5.2.3) lib/action_dispatch/middleware/request_id.rb:27:in `call'
rack (2.0.7) lib/rack/method_override.rb:22:in `call'
rack (2.0.7) lib/rack/runtime.rb:22:in `call'
activesupport (5.2.3) lib/active_support/cache/strategy/local_cache_middleware.rb:29:in `call'
actionpack (5.2.3) lib/action_dispatch/middleware/executor.rb:14:in `call'
actionpack (5.2.3) lib/action_dispatch/middleware/static.rb:127:in `call'
rack (2.0.7) lib/rack/sendfile.rb:111:in `call'
railties (5.2.3) lib/rails/engine.rb:524:in `call'
puma (3.12.1) lib/puma/configuration.rb:227:in `call'
puma (3.12.1) lib/puma/server.rb:660:in `handle_request'
puma (3.12.1) lib/puma/server.rb:474:in `process_client'
puma (3.12.1) lib/puma/server.rb:334:in `block in run'
puma (3.12.1) lib/puma/thread_pool.rb:135:in `block in spawn_thread'
Started GET "/" for ::1 at 2019-11-16 11:04:01 +0000
Processing by HomeController#landing as HTML
Completed 406 Not Acceptable in 6ms (ActiveRecord: 0.0ms)


  
ActionController::UnknownFormat (HomeController#landing is missing a template for this request format and variant.

request.formats: ["text/html"]
request.variant: []

NOTE! For XHR/Ajax or API requests, this action would normally respond with 204 No Content: an empty white screen. Since you're loading it in a web browser, we assume that you expected to actually render a template, not nothing, so we're showing an error to be extra-clear. If you expect 204 No Content, carry on. That's what you'll get from an XHR or API request. Give it a shot.):
  
actionpack (5.2.3) lib/action_controller/metal/implicit_render.rb:55:in `default_render'
actionpack (5.2.3) lib/action_controller/metal/basic_implicit_render.rb:6:in `block in send_action'
actionpack (5.2.3) lib/action_controller/metal/basic_implicit_render.rb:6:in `tap'
actionpack (5.2.3) lib/action_controller/metal/basic_implicit_render.rb:6:in `send_action'
actionpack (5.2.3) lib/abstract_controller/base.rb:194:in `process_action'
actionpack (5.2.3) lib/action_controller/metal/rendering.rb:30:in `process_action'
actionpack (5.2.3) lib/abstract_controller/callbacks.rb:42:in `block in process_action'
activesupport (5.2.3) lib/active_support/callbacks.rb:132:in `run_callbacks'
actionpack (5.2.3) lib/abstract_controller/callbacks.rb:41:in `process_action'
actionpack (5.2.3) lib/action_controller/metal/rescue.rb:22:in `process_action'
actionpack (5.2.3) lib/action_controller/metal/instrumentation.rb:34:in `block in process_action'
activesupport (5.2.3) lib/active_support/notifications.rb:168:in `block in instrument'
activesupport (5.2.3) lib/active_support/notifications/instrumenter.rb:23:in `instrument'
activesupport (5.2.3) lib/active_support/notifications.rb:168:in `instrument'
actionpack (5.2.3) lib/action_controller/metal/instrumentation.rb:32:in `process_action'
actionpack (5.2.3) lib/action_controller/metal/params_wrapper.rb:256:in `process_action'
activerecord (5.2.3) lib/active_record/railties/controller_runtime.rb:24:in `process_action'
actionpack (5.2.3) lib/abstract_controller/base.rb:134:in `process'
actionview (5.2.3) lib/action_view/rendering.rb:32:in `process'
actionpack (5.2.3) lib/action_controller/metal.rb:191:in `dispatch'
actionpack (5.2.3) lib/action_controller/metal.rb:252:in `dispatch'
actionpack (5.2.3) lib/action_dispatch/routing/route_set.rb:52:in `dispatch'
actionpack (5.2.3) lib/action_dispatch/routing/route_set.rb:34:in `serve'
actionpack (5.2.3) lib/action_dispatch/journey/router.rb:52:in `block in serve'
actionpack (5.2.3) lib/action_dispatch/journey/router.rb:35:in `each'
actionpack (5.2.3) lib/action_dispatch/journey/router.rb:35:in `serve'
actionpack (5.2.3) lib/action_dispatch/routing/route_set.rb:840:in `call'
rack (2.0.7) lib/rack/tempfile_reaper.rb:15:in `call'
rack (2.0.7) lib/rack/etag.rb:25:in `call'
rack (2.0.7) lib/rack/conditional_get.rb:25:in `call'
rack (2.0.7) lib/rack/head.rb:12:in `call'
actionpack (5.2.3) lib/action_dispatch/http/content_security_policy.rb:18:in `call'
rack (2.0.7) lib/rack/session/abstract/id.rb:232:in `context'
rack (2.0.7) lib/rack/session/abstract/id.rb:226:in `call'
actionpack (5.2.3) lib/action_dispatch/middleware/cookies.rb:670:in `call'
activerecord (5.2.3) lib/active_record/migration.rb:559:in `call'
actionpack (5.2.3) lib/action_dispatch/middleware/callbacks.rb:28:in `block in call'
activesupport (5.2.3) lib/active_support/callbacks.rb:98:in `run_callbacks'
actionpack (5.2.3) lib/action_dispatch/middleware/callbacks.rb:26:in `call'
actionpack (5.2.3) lib/action_dispatch/middleware/executor.rb:14:in `call'
actionpack (5.2.3) lib/action_dispatch/middleware/debug_exceptions.rb:61:in `call'
web-console (3.7.0) lib/web_console/middleware.rb:135:in `call_app'
web-console (3.7.0) lib/web_console/middleware.rb:30:in `block in call'
web-console (3.7.0) lib/web_console/middleware.rb:20:in `catch'
web-console (3.7.0) lib/web_console/middleware.rb:20:in `call'
actionpack (5.2.3) lib/action_dispatch/middleware/show_exceptions.rb:33:in `call'
railties (5.2.3) lib/rails/rack/logger.rb:38:in `call_app'
railties (5.2.3) lib/rails/rack/logger.rb:26:in `block in call'
activesupport (5.2.3) lib/active_support/tagged_logging.rb:71:in `block in tagged'
activesupport (5.2.3) lib/active_support/tagged_logging.rb:28:in `tagged'
activesupport (5.2.3) lib/active_support/tagged_logging.rb:71:in `tagged'
railties (5.2.3) lib/rails/rack/logger.rb:26:in `call'
sprockets-rails (3.2.1) lib/sprockets/rails/quiet_assets.rb:13:in `call'
actionpack (5.2.3) lib/action_dispatch/middleware/remote_ip.rb:81:in `call'
actionpack (5.2.3) lib/action_dispatch/middleware/request_id.rb:27:in `call'
rack (2.0.7) lib/rack/method_override.rb:22:in `call'
rack (2.0.7) lib/rack/runtime.rb:22:in `call'
activesupport (5.2.3) lib/active_support/cache/strategy/local_cache_middleware.rb:29:in `call'
actionpack (5.2.3) lib/action_dispatch/middleware/executor.rb:14:in `call'
actionpack (5.2.3) lib/action_dispatch/middleware/static.rb:127:in `call'
rack (2.0.7) lib/rack/sendfile.rb:111:in `call'
railties (5.2.3) lib/rails/engine.rb:524:in `call'
puma (3.12.1) lib/puma/configuration.rb:227:in `call'
puma (3.12.1) lib/puma/server.rb:660:in `handle_request'
puma (3.12.1) lib/puma/server.rb:474:in `process_client'
puma (3.12.1) lib/puma/server.rb:334:in `block in run'
puma (3.12.1) lib/puma/thread_pool.rb:135:in `block in spawn_thread'
Started GET "/" for ::1 at 2019-11-16 11:04:22 +0000
Processing by HomeController#landing as HTML
Completed 406 Not Acceptable in 7ms (ActiveRecord: 0.0ms)


  
ActionController::UnknownFormat (HomeController#landing is missing a template for this request format and variant.

request.formats: ["text/html"]
request.variant: []

NOTE! For XHR/Ajax or API requests, this action would normally respond with 204 No Content: an empty white screen. Since you're loading it in a web browser, we assume that you expected to actually render a template, not nothing, so we're showing an error to be extra-clear. If you expect 204 No Content, carry on. That's what you'll get from an XHR or API request. Give it a shot.):
  
actionpack (5.2.3) lib/action_controller/metal/implicit_render.rb:55:in `default_render'
actionpack (5.2.3) lib/action_controller/metal/basic_implicit_render.rb:6:in `block in send_action'
actionpack (5.2.3) lib/action_controller/metal/basic_implicit_render.rb:6:in `tap'
actionpack (5.2.3) lib/action_controller/metal/basic_implicit_render.rb:6:in `send_action'
actionpack (5.2.3) lib/abstract_controller/base.rb:194:in `process_action'
actionpack (5.2.3) lib/action_controller/metal/rendering.rb:30:in `process_action'
actionpack (5.2.3) lib/abstract_controller/callbacks.rb:42:in `block in process_action'
activesupport (5.2.3) lib/active_support/callbacks.rb:132:in `run_callbacks'
actionpack (5.2.3) lib/abstract_controller/callbacks.rb:41:in `process_action'
actionpack (5.2.3) lib/action_controller/metal/rescue.rb:22:in `process_action'
actionpack (5.2.3) lib/action_controller/metal/instrumentation.rb:34:in `block in process_action'
activesupport (5.2.3) lib/active_support/notifications.rb:168:in `block in instrument'
activesupport (5.2.3) lib/active_support/notifications/instrumenter.rb:23:in `instrument'
activesupport (5.2.3) lib/active_support/notifications.rb:168:in `instrument'
actionpack (5.2.3) lib/action_controller/metal/instrumentation.rb:32:in `process_action'
actionpack (5.2.3) lib/action_controller/metal/params_wrapper.rb:256:in `process_action'
activerecord (5.2.3) lib/active_record/railties/controller_runtime.rb:24:in `process_action'
actionpack (5.2.3) lib/abstract_controller/base.rb:134:in `process'
actionview (5.2.3) lib/action_view/rendering.rb:32:in `process'
actionpack (5.2.3) lib/action_controller/metal.rb:191:in `dispatch'
actionpack (5.2.3) lib/action_controller/metal.rb:252:in `dispatch'
actionpack (5.2.3) lib/action_dispatch/routing/route_set.rb:52:in `dispatch'
actionpack (5.2.3) lib/action_dispatch/routing/route_set.rb:34:in `serve'
actionpack (5.2.3) lib/action_dispatch/journey/router.rb:52:in `block in serve'
actionpack (5.2.3) lib/action_dispatch/journey/router.rb:35:in `each'
actionpack (5.2.3) lib/action_dispatch/journey/router.rb:35:in `serve'
actionpack (5.2.3) lib/action_dispatch/routing/route_set.rb:840:in `call'
rack (2.0.7) lib/rack/tempfile_reaper.rb:15:in `call'
rack (2.0.7) lib/rack/etag.rb:25:in `call'
rack (2.0.7) lib/rack/conditional_get.rb:25:in `call'
rack (2.0.7) lib/rack/head.rb:12:in `call'
actionpack (5.2.3) lib/action_dispatch/http/content_security_policy.rb:18:in `call'
rack (2.0.7) lib/rack/session/abstract/id.rb:232:in `context'
rack (2.0.7) lib/rack/session/abstract/id.rb:226:in `call'
actionpack (5.2.3) lib/action_dispatch/middleware/cookies.rb:670:in `call'
activerecord (5.2.3) lib/active_record/migration.rb:559:in `call'
actionpack (5.2.3) lib/action_dispatch/middleware/callbacks.rb:28:in `block in call'
activesupport (5.2.3) lib/active_support/callbacks.rb:98:in `run_callbacks'
actionpack (5.2.3) lib/action_dispatch/middleware/callbacks.rb:26:in `call'
actionpack (5.2.3) lib/action_dispatch/middleware/executor.rb:14:in `call'
actionpack (5.2.3) lib/action_dispatch/middleware/debug_exceptions.rb:61:in `call'
web-console (3.7.0) lib/web_console/middleware.rb:135:in `call_app'
web-console (3.7.0) lib/web_console/middleware.rb:30:in `block in call'
web-console (3.7.0) lib/web_console/middleware.rb:20:in `catch'
web-console (3.7.0) lib/web_console/middleware.rb:20:in `call'
actionpack (5.2.3) lib/action_dispatch/middleware/show_exceptions.rb:33:in `call'
railties (5.2.3) lib/rails/rack/logger.rb:38:in `call_app'
railties (5.2.3) lib/rails/rack/logger.rb:26:in `block in call'
activesupport (5.2.3) lib/active_support/tagged_logging.rb:71:in `block in tagged'
activesupport (5.2.3) lib/active_support/tagged_logging.rb:28:in `tagged'
activesupport (5.2.3) lib/active_support/tagged_logging.rb:71:in `tagged'
railties (5.2.3) lib/rails/rack/logger.rb:26:in `call'
sprockets-rails (3.2.1) lib/sprockets/rails/quiet_assets.rb:13:in `call'
actionpack (5.2.3) lib/action_dispatch/middleware/remote_ip.rb:81:in `call'
actionpack (5.2.3) lib/action_dispatch/middleware/request_id.rb:27:in `call'
rack (2.0.7) lib/rack/method_override.rb:22:in `call'
rack (2.0.7) lib/rack/runtime.rb:22:in `call'
activesupport (5.2.3) lib/active_support/cache/strategy/local_cache_middleware.rb:29:in `call'
actionpack (5.2.3) lib/action_dispatch/middleware/executor.rb:14:in `call'
actionpack (5.2.3) lib/action_dispatch/middleware/static.rb:127:in `call'
rack (2.0.7) lib/rack/sendfile.rb:111:in `call'
railties (5.2.3) lib/rails/engine.rb:524:in `call'
puma (3.12.1) lib/puma/configuration.rb:227:in `call'
puma (3.12.1) lib/puma/server.rb:660:in `handle_request'
puma (3.12.1) lib/puma/server.rb:474:in `process_client'
puma (3.12.1) lib/puma/server.rb:334:in `block in run'
puma (3.12.1) lib/puma/thread_pool.rb:135:in `block in spawn_thread'
Started GET "/" for ::1 at 2019-11-16 11:04:24 +0000
Processing by HomeController#landing as HTML
Completed 406 Not Acceptable in 26ms (ActiveRecord: 0.0ms)


  
ActionController::UnknownFormat (HomeController#landing is missing a template for this request format and variant.

request.formats: ["text/html"]
request.variant: []

NOTE! For XHR/Ajax or API requests, this action would normally respond with 204 No Content: an empty white screen. Since you're loading it in a web browser, we assume that you expected to actually render a template, not nothing, so we're showing an error to be extra-clear. If you expect 204 No Content, carry on. That's what you'll get from an XHR or API request. Give it a shot.):
  
actionpack (5.2.3) lib/action_controller/metal/implicit_render.rb:55:in `default_render'
actionpack (5.2.3) lib/action_controller/metal/basic_implicit_render.rb:6:in `block in send_action'
actionpack (5.2.3) lib/action_controller/metal/basic_implicit_render.rb:6:in `tap'
actionpack (5.2.3) lib/action_controller/metal/basic_implicit_render.rb:6:in `send_action'
actionpack (5.2.3) lib/abstract_controller/base.rb:194:in `process_action'
actionpack (5.2.3) lib/action_controller/metal/rendering.rb:30:in `process_action'
actionpack (5.2.3) lib/abstract_controller/callbacks.rb:42:in `block in process_action'
activesupport (5.2.3) lib/active_support/callbacks.rb:132:in `run_callbacks'
actionpack (5.2.3) lib/abstract_controller/callbacks.rb:41:in `process_action'
actionpack (5.2.3) lib/action_controller/metal/rescue.rb:22:in `process_action'
actionpack (5.2.3) lib/action_controller/metal/instrumentation.rb:34:in `block in process_action'
activesupport (5.2.3) lib/active_support/notifications.rb:168:in `block in instrument'
activesupport (5.2.3) lib/active_support/notifications/instrumenter.rb:23:in `instrument'
activesupport (5.2.3) lib/active_support/notifications.rb:168:in `instrument'
actionpack (5.2.3) lib/action_controller/metal/instrumentation.rb:32:in `process_action'
actionpack (5.2.3) lib/action_controller/metal/params_wrapper.rb:256:in `process_action'
activerecord (5.2.3) lib/active_record/railties/controller_runtime.rb:24:in `process_action'
actionpack (5.2.3) lib/abstract_controller/base.rb:134:in `process'
actionview (5.2.3) lib/action_view/rendering.rb:32:in `process'
actionpack (5.2.3) lib/action_controller/metal.rb:191:in `dispatch'
actionpack (5.2.3) lib/action_controller/metal.rb:252:in `dispatch'
actionpack (5.2.3) lib/action_dispatch/routing/route_set.rb:52:in `dispatch'
actionpack (5.2.3) lib/action_dispatch/routing/route_set.rb:34:in `serve'
actionpack (5.2.3) lib/action_dispatch/journey/router.rb:52:in `block in serve'
actionpack (5.2.3) lib/action_dispatch/journey/router.rb:35:in `each'
actionpack (5.2.3) lib/action_dispatch/journey/router.rb:35:in `serve'
actionpack (5.2.3) lib/action_dispatch/routing/route_set.rb:840:in `call'
rack (2.0.7) lib/rack/tempfile_reaper.rb:15:in `call'
rack (2.0.7) lib/rack/etag.rb:25:in `call'
rack (2.0.7) lib/rack/conditional_get.rb:25:in `call'
rack (2.0.7) lib/rack/head.rb:12:in `call'
actionpack (5.2.3) lib/action_dispatch/http/content_security_policy.rb:18:in `call'
rack (2.0.7) lib/rack/session/abstract/id.rb:232:in `context'
rack (2.0.7) lib/rack/session/abstract/id.rb:226:in `call'
actionpack (5.2.3) lib/action_dispatch/middleware/cookies.rb:670:in `call'
activerecord (5.2.3) lib/active_record/migration.rb:559:in `call'
actionpack (5.2.3) lib/action_dispatch/middleware/callbacks.rb:28:in `block in call'
activesupport (5.2.3) lib/active_support/callbacks.rb:98:in `run_callbacks'
actionpack (5.2.3) lib/action_dispatch/middleware/callbacks.rb:26:in `call'
actionpack (5.2.3) lib/action_dispatch/middleware/executor.rb:14:in `call'
actionpack (5.2.3) lib/action_dispatch/middleware/debug_exceptions.rb:61:in `call'
web-console (3.7.0) lib/web_console/middleware.rb:135:in `call_app'
web-console (3.7.0) lib/web_console/middleware.rb:30:in `block in call'
web-console (3.7.0) lib/web_console/middleware.rb:20:in `catch'
web-console (3.7.0) lib/web_console/middleware.rb:20:in `call'
actionpack (5.2.3) lib/action_dispatch/middleware/show_exceptions.rb:33:in `call'
railties (5.2.3) lib/rails/rack/logger.rb:38:in `call_app'
railties (5.2.3) lib/rails/rack/logger.rb:26:in `block in call'
activesupport (5.2.3) lib/active_support/tagged_logging.rb:71:in `block in tagged'
activesupport (5.2.3) lib/active_support/tagged_logging.rb:28:in `tagged'
activesupport (5.2.3) lib/active_support/tagged_logging.rb:71:in `tagged'
railties (5.2.3) lib/rails/rack/logger.rb:26:in `call'
sprockets-rails (3.2.1) lib/sprockets/rails/quiet_assets.rb:13:in `call'
actionpack (5.2.3) lib/action_dispatch/middleware/remote_ip.rb:81:in `call'
actionpack (5.2.3) lib/action_dispatch/middleware/request_id.rb:27:in `call'
rack (2.0.7) lib/rack/method_override.rb:22:in `call'
rack (2.0.7) lib/rack/runtime.rb:22:in `call'
activesupport (5.2.3) lib/active_support/cache/strategy/local_cache_middleware.rb:29:in `call'
actionpack (5.2.3) lib/action_dispatch/middleware/executor.rb:14:in `call'
actionpack (5.2.3) lib/action_dispatch/middleware/static.rb:127:in `call'
rack (2.0.7) lib/rack/sendfile.rb:111:in `call'
railties (5.2.3) lib/rails/engine.rb:524:in `call'
puma (3.12.1) lib/puma/configuration.rb:227:in `call'
puma (3.12.1) lib/puma/server.rb:660:in `handle_request'
puma (3.12.1) lib/puma/server.rb:474:in `process_client'
puma (3.12.1) lib/puma/server.rb:334:in `block in run'
puma (3.12.1) lib/puma/thread_pool.rb:135:in `block in spawn_thread'
Started GET "/" for ::1 at 2019-11-16 11:05:12 +0000
Processing by HomeController#landing as HTML
  Rendering home/landing.html.erb within layouts/application
  Rendered home/landing.html.erb within layouts/application (0.3ms)
Completed 200 OK in 307ms (Views: 305.6ms | ActiveRecord: 0.0ms)


Started GET "/" for ::1 at 2019-11-16 11:12:10 +0000
Processing by HomeController#landing as HTML
  Rendering home/landing.html.erb within layouts/application
  Rendered home/landing.html.erb within layouts/application (1.7ms)
Completed 200 OK in 312ms (Views: 304.7ms | ActiveRecord: 0.0ms)


Started GET "/" for ::1 at 2019-11-16 11:26:27 +0000
Processing by HomeController#landing as HTML
  Rendering home/landing.html.erb within layouts/application
  Rendered home/landing.html.erb within layouts/application (2.6ms)
Completed 200 OK in 394ms (Views: 386.9ms | ActiveRecord: 0.0ms)


Started GET "/league" for ::1 at 2019-11-16 11:26:31 +0000
  
ActionController::RoutingError (No route matches [GET] "/league"):
  
actionpack (5.2.3) lib/action_dispatch/middleware/debug_exceptions.rb:65:in `call'
web-console (3.7.0) lib/web_console/middleware.rb:135:in `call_app'
web-console (3.7.0) lib/web_console/middleware.rb:30:in `block in call'
web-console (3.7.0) lib/web_console/middleware.rb:20:in `catch'
web-console (3.7.0) lib/web_console/middleware.rb:20:in `call'
actionpack (5.2.3) lib/action_dispatch/middleware/show_exceptions.rb:33:in `call'
railties (5.2.3) lib/rails/rack/logger.rb:38:in `call_app'
railties (5.2.3) lib/rails/rack/logger.rb:26:in `block in call'
activesupport (5.2.3) lib/active_support/tagged_logging.rb:71:in `block in tagged'
activesupport (5.2.3) lib/active_support/tagged_logging.rb:28:in `tagged'
activesupport (5.2.3) lib/active_support/tagged_logging.rb:71:in `tagged'
railties (5.2.3) lib/rails/rack/logger.rb:26:in `call'
sprockets-rails (3.2.1) lib/sprockets/rails/quiet_assets.rb:13:in `call'
actionpack (5.2.3) lib/action_dispatch/middleware/remote_ip.rb:81:in `call'
actionpack (5.2.3) lib/action_dispatch/middleware/request_id.rb:27:in `call'
rack (2.0.7) lib/rack/method_override.rb:22:in `call'
rack (2.0.7) lib/rack/runtime.rb:22:in `call'
activesupport (5.2.3) lib/active_support/cache/strategy/local_cache_middleware.rb:29:in `call'
actionpack (5.2.3) lib/action_dispatch/middleware/executor.rb:14:in `call'
actionpack (5.2.3) lib/action_dispatch/middleware/static.rb:127:in `call'
rack (2.0.7) lib/rack/sendfile.rb:111:in `call'
railties (5.2.3) lib/rails/engine.rb:524:in `call'
puma (3.12.1) lib/puma/configuration.rb:227:in `call'
puma (3.12.1) lib/puma/server.rb:660:in `handle_request'
puma (3.12.1) lib/puma/server.rb:474:in `process_client'
puma (3.12.1) lib/puma/server.rb:334:in `block in run'
puma (3.12.1) lib/puma/thread_pool.rb:135:in `block in spawn_thread'
Started GET "/" for ::1 at 2019-11-16 11:29:52 +0000
Processing by HomeController#landing as HTML
  Rendering home/landing.html.erb within layouts/application
  Rendered home/landing.html.erb within layouts/application (0.9ms)
Completed 200 OK in 363ms (Views: 357.0ms | ActiveRecord: 0.0ms)


Started GET "/league" for ::1 at 2019-11-16 11:29:56 +0000
  
LoadError (Unable to autoload constant LeagueOfLegendsController, expected /Users/jp/SoRandom/app/controllers/league_of_legends_controller.rb to define it):
  
activesupport (5.2.3) lib/active_support/dependencies.rb:511:in `load_missing_constant'
bootsnap (1.4.5) lib/bootsnap/load_path_cache/core_ext/active_support.rb:60:in `block in load_missing_constant'
bootsnap (1.4.5) lib/bootsnap/load_path_cache/core_ext/active_support.rb:16:in `allow_bootsnap_retry'
bootsnap (1.4.5) lib/bootsnap/load_path_cache/core_ext/active_support.rb:59:in `load_missing_constant'
activesupport (5.2.3) lib/active_support/dependencies.rb:195:in `const_missing'
activesupport (5.2.3) lib/active_support/inflector/methods.rb:283:in `const_get'
activesupport (5.2.3) lib/active_support/inflector/methods.rb:283:in `block in constantize'
activesupport (5.2.3) lib/active_support/inflector/methods.rb:281:in `each'
activesupport (5.2.3) lib/active_support/inflector/methods.rb:281:in `inject'
activesupport (5.2.3) lib/active_support/inflector/methods.rb:281:in `constantize'
activesupport (5.2.3) lib/active_support/dependencies.rb:582:in `get'
activesupport (5.2.3) lib/active_support/dependencies.rb:613:in `constantize'
actionpack (5.2.3) lib/action_dispatch/http/request.rb:88:in `controller_class_for'
actionpack (5.2.3) lib/action_dispatch/http/parameters.rb:101:in `binary_params_for?'
actionpack (5.2.3) lib/action_dispatch/http/parameters.rb:92:in `set_binary_encoding'
actionpack (5.2.3) lib/action_dispatch/http/parameters.rb:69:in `path_parameters='
actionpack (5.2.3) lib/action_dispatch/journey/router.rb:50:in `block in serve'
actionpack (5.2.3) lib/action_dispatch/journey/router.rb:35:in `each'
actionpack (5.2.3) lib/action_dispatch/journey/router.rb:35:in `serve'
actionpack (5.2.3) lib/action_dispatch/routing/route_set.rb:840:in `call'
rack (2.0.7) lib/rack/tempfile_reaper.rb:15:in `call'
rack (2.0.7) lib/rack/etag.rb:25:in `call'
rack (2.0.7) lib/rack/conditional_get.rb:25:in `call'
rack (2.0.7) lib/rack/head.rb:12:in `call'
actionpack (5.2.3) lib/action_dispatch/http/content_security_policy.rb:18:in `call'
rack (2.0.7) lib/rack/session/abstract/id.rb:232:in `context'
rack (2.0.7) lib/rack/session/abstract/id.rb:226:in `call'
actionpack (5.2.3) lib/action_dispatch/middleware/cookies.rb:670:in `call'
activerecord (5.2.3) lib/active_record/migration.rb:559:in `call'
actionpack (5.2.3) lib/action_dispatch/middleware/callbacks.rb:28:in `block in call'
activesupport (5.2.3) lib/active_support/callbacks.rb:98:in `run_callbacks'
actionpack (5.2.3) lib/action_dispatch/middleware/callbacks.rb:26:in `call'
actionpack (5.2.3) lib/action_dispatch/middleware/executor.rb:14:in `call'
actionpack (5.2.3) lib/action_dispatch/middleware/debug_exceptions.rb:61:in `call'
web-console (3.7.0) lib/web_console/middleware.rb:135:in `call_app'
web-console (3.7.0) lib/web_console/middleware.rb:30:in `block in call'
web-console (3.7.0) lib/web_console/middleware.rb:20:in `catch'
web-console (3.7.0) lib/web_console/middleware.rb:20:in `call'
actionpack (5.2.3) lib/action_dispatch/middleware/show_exceptions.rb:33:in `call'
railties (5.2.3) lib/rails/rack/logger.rb:38:in `call_app'
railties (5.2.3) lib/rails/rack/logger.rb:26:in `block in call'
activesupport (5.2.3) lib/active_support/tagged_logging.rb:71:in `block in tagged'
activesupport (5.2.3) lib/active_support/tagged_logging.rb:28:in `tagged'
activesupport (5.2.3) lib/active_support/tagged_logging.rb:71:in `tagged'
railties (5.2.3) lib/rails/rack/logger.rb:26:in `call'
sprockets-rails (3.2.1) lib/sprockets/rails/quiet_assets.rb:13:in `call'
actionpack (5.2.3) lib/action_dispatch/middleware/remote_ip.rb:81:in `call'
actionpack (5.2.3) lib/action_dispatch/middleware/request_id.rb:27:in `call'
rack (2.0.7) lib/rack/method_override.rb:22:in `call'
rack (2.0.7) lib/rack/runtime.rb:22:in `call'
activesupport (5.2.3) lib/active_support/cache/strategy/local_cache_middleware.rb:29:in `call'
actionpack (5.2.3) lib/action_dispatch/middleware/executor.rb:14:in `call'
actionpack (5.2.3) lib/action_dispatch/middleware/static.rb:127:in `call'
rack (2.0.7) lib/rack/sendfile.rb:111:in `call'
railties (5.2.3) lib/rails/engine.rb:524:in `call'
puma (3.12.1) lib/puma/configuration.rb:227:in `call'
puma (3.12.1) lib/puma/server.rb:660:in `handle_request'
puma (3.12.1) lib/puma/server.rb:474:in `process_client'
puma (3.12.1) lib/puma/server.rb:334:in `block in run'
puma (3.12.1) lib/puma/thread_pool.rb:135:in `block in spawn_thread'
Started GET "/league" for ::1 at 2019-11-16 11:30:19 +0000
Processing by LeagueOfLegendsController#index as HTML
  Rendering league_of_legends/index.html.erb within layouts/application
  Rendered league_of_legends/index.html.erb within layouts/application (0.4ms)
Completed 200 OK in 25ms (Views: 23.5ms | ActiveRecord: 0.0ms)


Started GET "/league" for ::1 at 2019-11-16 11:34:42 +0000
Processing by LeagueOfLegendsController#index as HTML
  Rendering league_of_legends/index.html.haml within layouts/application
  Rendered league_of_legends/index.html.haml within layouts/application (5.5ms)
Completed 200 OK in 242ms (Views: 236.0ms | ActiveRecord: 0.0ms)


Started GET "/" for ::1 at 2019-11-16 11:34:44 +0000
Processing by HomeController#landing as HTML
  Rendering home/landing.html.haml within layouts/application
  Rendered home/landing.html.haml within layouts/application (3.2ms)
Completed 200 OK in 108ms (Views: 103.8ms | ActiveRecord: 0.0ms)


Started GET "/league" for ::1 at 2019-11-16 11:34:47 +0000
Processing by LeagueOfLegendsController#index as HTML
  Rendering league_of_legends/index.html.haml within layouts/application
  Rendered league_of_legends/index.html.haml within layouts/application (2.1ms)
Completed 200 OK in 37ms (Views: 34.4ms | ActiveRecord: 0.0ms)


Started GET "/league" for ::1 at 2019-11-16 11:37:14 +0000
Processing by LeagueOfLegendsController#index as HTML
  Rendering league_of_legends/index.html.haml within layouts/application
  Rendered league_of_legends/index.html.haml within layouts/application (3.6ms)
Completed 200 OK in 290ms (Views: 283.2ms | ActiveRecord: 0.0ms)


Started GET "/league/champion" for ::1 at 2019-11-16 11:37:16 +0000
Processing by LeagueOfLegendsController#champion as HTML
  Rendering league_of_legends/champion.html.haml within layouts/application
  Rendered league_of_legends/champion.html.haml within layouts/application (3.6ms)
Completed 200 OK in 1706ms (Views: 36.1ms | ActiveRecord: 0.0ms)


Started GET "/" for ::1 at 2019-11-16 11:37:23 +0000
Processing by HomeController#landing as HTML
  Rendering home/landing.html.haml within layouts/application
  Rendered home/landing.html.haml within layouts/application (3.9ms)
Completed 200 OK in 32ms (Views: 29.7ms | ActiveRecord: 0.0ms)


Started GET "/league" for ::1 at 2019-11-16 11:37:23 +0000
Processing by LeagueOfLegendsController#index as HTML
  Rendering league_of_legends/index.html.haml within layouts/application
  Rendered league_of_legends/index.html.haml within layouts/application (2.3ms)
Completed 200 OK in 36ms (Views: 34.7ms | ActiveRecord: 0.0ms)


Started GET "/league/champion" for ::1 at 2019-11-16 11:37:24 +0000
Processing by LeagueOfLegendsController#champion as HTML
  Rendering league_of_legends/champion.html.haml within layouts/application
  Rendered league_of_legends/champion.html.haml within layouts/application (2.3ms)
Completed 200 OK in 37ms (Views: 34.9ms | ActiveRecord: 0.0ms)


Started GET "/league/champion" for ::1 at 2019-11-16 11:37:27 +0000
Processing by LeagueOfLegendsController#champion as HTML
  Rendering league_of_legends/champion.html.haml within layouts/application
  Rendered league_of_legends/champion.html.haml within layouts/application (1.5ms)
Completed 200 OK in 19ms (Views: 17.7ms | ActiveRecord: 0.0ms)


Started GET "/league/champion" for ::1 at 2019-11-16 11:37:27 +0000
Processing by LeagueOfLegendsController#champion as HTML
  Rendering league_of_legends/champion.html.haml within layouts/application
  Rendered league_of_legends/champion.html.haml within layouts/application (2.8ms)
Completed 200 OK in 20ms (Views: 18.7ms | ActiveRecord: 0.0ms)


Started GET "/league/champion" for ::1 at 2019-11-16 11:37:28 +0000
Processing by LeagueOfLegendsController#champion as HTML
  Rendering league_of_legends/champion.html.haml within layouts/application
  Rendered league_of_legends/champion.html.haml within layouts/application (2.1ms)
Completed 200 OK in 19ms (Views: 17.4ms | ActiveRecord: 0.0ms)


Started GET "/league/champion" for ::1 at 2019-11-16 11:37:28 +0000
Processing by LeagueOfLegendsController#champion as HTML
  Rendering league_of_legends/champion.html.haml within layouts/application
  Rendered league_of_legends/champion.html.haml within layouts/application (1.8ms)
Completed 200 OK in 19ms (Views: 16.9ms | ActiveRecord: 0.0ms)


Started GET "/league/champion" for ::1 at 2019-11-16 11:37:29 +0000
Processing by LeagueOfLegendsController#champion as HTML
  Rendering league_of_legends/champion.html.haml within layouts/application
  Rendered league_of_legends/champion.html.haml within layouts/application (2.6ms)
Completed 200 OK in 19ms (Views: 17.8ms | ActiveRecord: 0.0ms)


Started GET "/" for ::1 at 2019-11-16 12:13:11 +0000
Processing by HomeController#landing as HTML
  Rendering home/landing.html.haml within layouts/application
  Rendered home/landing.html.haml within layouts/application (4.2ms)
Completed 200 OK in 37ms (Views: 35.2ms | ActiveRecord: 0.0ms)


Started GET "/league" for ::1 at 2019-11-16 12:13:16 +0000
Processing by LeagueOfLegendsController#index as HTML
  Rendering league_of_legends/index.html.haml within layouts/application
  Rendered league_of_legends/index.html.haml within layouts/application (2.5ms)
Completed 200 OK in 29ms (Views: 27.5ms | ActiveRecord: 0.0ms)


Started GET "/league/champion" for ::1 at 2019-11-16 12:13:16 +0000
Processing by LeagueOfLegendsController#champion as HTML
  Rendering league_of_legends/champion.html.haml within layouts/application
  Rendered league_of_legends/champion.html.haml within layouts/application (7.0ms)
Completed 200 OK in 50ms (Views: 47.1ms | ActiveRecord: 0.0ms)


Started GET "/league/champion" for ::1 at 2019-11-16 12:13:19 +0000
Processing by LeagueOfLegendsController#champion as HTML
  Rendering league_of_legends/champion.html.haml within layouts/application
  Rendered league_of_legends/champion.html.haml within layouts/application (2.6ms)
Completed 200 OK in 29ms (Views: 26.4ms | ActiveRecord: 0.0ms)


Started GET "/league/champion" for ::1 at 2019-11-16 12:13:20 +0000
Processing by LeagueOfLegendsController#champion as HTML
  Rendering league_of_legends/champion.html.haml within layouts/application
  Rendered league_of_legends/champion.html.haml within layouts/application (2.7ms)
Completed 200 OK in 22ms (Views: 19.7ms | ActiveRecord: 0.0ms)


Started GET "/league/champion" for ::1 at 2019-11-16 12:13:20 +0000
Processing by LeagueOfLegendsController#champion as HTML
  Rendering league_of_legends/champion.html.haml within layouts/application
  Rendered league_of_legends/champion.html.haml within layouts/application (4.7ms)
Completed 200 OK in 30ms (Views: 28.8ms | ActiveRecord: 0.0ms)


Started GET "/league/champion" for ::1 at 2019-11-16 12:13:20 +0000
Processing by LeagueOfLegendsController#champion as HTML
  Rendering league_of_legends/champion.html.haml within layouts/application
  Rendered league_of_legends/champion.html.haml within layouts/application (2.5ms)
Completed 200 OK in 19ms (Views: 18.5ms | ActiveRecord: 0.0ms)


Started GET "/league/champion" for ::1 at 2019-11-16 12:13:21 +0000
Processing by LeagueOfLegendsController#champion as HTML
  Rendering league_of_legends/champion.html.haml within layouts/application
  Rendered league_of_legends/champion.html.haml within layouts/application (1.8ms)
Completed 200 OK in 18ms (Views: 16.3ms | ActiveRecord: 0.0ms)


Started GET "/" for ::1 at 2019-11-16 12:26:56 +0000
Processing by HomeController#landing as HTML
  Rendering home/landing.html.haml within layouts/application
  Rendered home/landing.html.haml within layouts/application (3.6ms)
Completed 500 Internal Server Error in 391ms (ActiveRecord: 0.0ms)


  
ActionView::Template::Error (Error: File to import not found or unreadable: require_tree.
        on line 17:1 of app/assets/stylesheets/application.scss
>> @import "require_tree";

   ^
):
     5:     %title SoRandom
     6:     = csrf_meta_tags
     7:     = csp_meta_tag
     8:     = stylesheet_link_tag    'application', media: 'all', 'data-turbolinks-track': 'reload'
     9:     = javascript_include_tag 'application', 'data-turbolinks-track': 'reload'
    10:   %body.bg-dark
    11:     = yield
  
app/assets/stylesheets/application.scss:17
app/views/layouts/application.html.haml:8:in `_app_views_layouts_application_html_haml__1586048155752558832_70208268057180'
Started GET "/league/champion" for ::1 at 2019-11-16 12:29:20 +0000
Processing by LeagueOfLegendsController#champion as HTML
  Rendering league_of_legends/champion.html.haml within layouts/application
  Rendered league_of_legends/champion.html.haml within layouts/application (1.3ms)
Completed 200 OK in 2990ms (Views: 2685.6ms | ActiveRecord: 0.0ms)


Started GET "/" for ::1 at 2019-11-16 12:30:47 +0000
Processing by HomeController#landing as HTML
  Rendering home/landing.html.haml within layouts/application
  Rendered home/landing.html.haml within layouts/application (4.7ms)
Completed 200 OK in 70ms (Views: 67.3ms | ActiveRecord: 0.0ms)


Started GET "/league" for ::1 at 2019-11-16 12:30:52 +0000
Processing by LeagueOfLegendsController#index as HTML
  Rendering league_of_legends/index.html.haml within layouts/application
  Rendered league_of_legends/index.html.haml within layouts/application (2.9ms)
Completed 200 OK in 65ms (Views: 62.7ms | ActiveRecord: 0.0ms)


Started GET "/league/champion" for ::1 at 2019-11-16 12:30:53 +0000
Processing by LeagueOfLegendsController#champion as HTML
  Rendering league_of_legends/champion.html.haml within layouts/application
  Rendered league_of_legends/champion.html.haml within layouts/application (2.7ms)
Completed 200 OK in 57ms (Views: 54.8ms | ActiveRecord: 0.0ms)


Started GET "/league/champion" for ::1 at 2019-11-16 12:30:55 +0000
Processing by LeagueOfLegendsController#champion as HTML
  Rendering league_of_legends/champion.html.haml within layouts/application
  Rendered league_of_legends/champion.html.haml within layouts/application (2.7ms)
Completed 200 OK in 56ms (Views: 53.8ms | ActiveRecord: 0.0ms)


Started GET "/league/champion" for ::1 at 2019-11-16 12:30:55 +0000
Processing by LeagueOfLegendsController#champion as HTML
  Rendering league_of_legends/champion.html.haml within layouts/application
  Rendered league_of_legends/champion.html.haml within layouts/application (1.8ms)
Completed 200 OK in 37ms (Views: 35.4ms | ActiveRecord: 0.0ms)


Started GET "/league/champion" for ::1 at 2019-11-16 12:30:55 +0000
Processing by LeagueOfLegendsController#champion as HTML
  Rendering league_of_legends/champion.html.haml within layouts/application
  Rendered league_of_legends/champion.html.haml within layouts/application (2.4ms)
Completed 200 OK in 43ms (Views: 41.5ms | ActiveRecord: 0.0ms)


Started GET "/league" for ::1 at 2019-11-16 12:30:57 +0000
Processing by LeagueOfLegendsController#index as HTML
  Rendering league_of_legends/index.html.haml within layouts/application
  Rendered league_of_legends/index.html.haml within layouts/application (5.6ms)
Completed 200 OK in 113ms (Views: 111.3ms | ActiveRecord: 0.0ms)


Started GET "/" for ::1 at 2019-11-16 12:30:57 +0000
Processing by HomeController#landing as HTML
  Rendering home/landing.html.haml within layouts/application
  Rendered home/landing.html.haml within layouts/application (2.8ms)
Completed 200 OK in 62ms (Views: 57.9ms | ActiveRecord: 0.0ms)


Started GET "/" for ::1 at 2019-11-16 12:45:20 +0000
Processing by HomeController#landing as HTML
  Rendering home/landing.html.haml within layouts/application
  Rendered home/landing.html.haml within layouts/application (13.8ms)
Completed 200 OK in 250ms (Views: 243.0ms | ActiveRecord: 0.0ms)


Started GET "/" for ::1 at 2019-11-16 12:45:41 +0000
Processing by HomeController#landing as HTML
  Rendering home/landing.html.haml within layouts/application
  Rendered home/landing.html.haml within layouts/application (2.5ms)
Completed 200 OK in 40ms (Views: 37.7ms | ActiveRecord: 0.0ms)


Started GET "/" for ::1 at 2019-11-16 12:45:44 +0000
Processing by HomeController#landing as HTML
  Rendering home/landing.html.haml within layouts/application
  Rendered home/landing.html.haml within layouts/application (3.1ms)
Completed 200 OK in 28ms (Views: 27.2ms | ActiveRecord: 0.0ms)


Started GET "/league" for ::1 at 2019-11-16 12:45:50 +0000
Processing by LeagueOfLegendsController#index as HTML
  Rendering league_of_legends/index.html.haml within layouts/application
  Rendered league_of_legends/index.html.haml within layouts/application (4.4ms)
Completed 500 Internal Server Error in 11ms (ActiveRecord: 0.0ms)


  
ActionView::Template::Error (Missing partial league_of_legends/_header, application/_header with {:locale=>[:en], :formats=>[:html], :variants=>[], :handlers=>[:raw, :erb, :html, :builder, :ruby, :coffee, :jbuilder, :haml]}. Searched in:
  * "/Users/jp/SoRandom/app/views"
):
    1: lol
    2: 
    3: = render "header"
    4: = link_to "hello", root_path
    5: = link_to "Random Champion", league_champion_path
  
app/views/league_of_legends/index.html.haml:3:in `_app_views_league_of_legends_index_html_haml___2265641137735987259_70208306055300'
Started GET "/league" for ::1 at 2019-11-16 12:46:06 +0000
Processing by LeagueOfLegendsController#index as HTML
  Rendering league_of_legends/index.html.haml within layouts/application
  Rendered league_of_legends/index.html.haml within layouts/application (5.2ms)
Completed 500 Internal Server Error in 10ms (ActiveRecord: 0.0ms)


  
ActionView::Template::Error (Missing partial partials/_header with {:locale=>[:en], :formats=>[:html], :variants=>[], :handlers=>[:raw, :erb, :html, :builder, :ruby, :coffee, :jbuilder, :haml]}. Searched in:
  * "/Users/jp/SoRandom/app/views"
):
    1: lol
    2: 
    3: = render "/partials/header"
    4: = link_to "hello", root_path
    5: = link_to "Random Champion", league_champion_path
  
app/views/league_of_legends/index.html.haml:3:in `_app_views_league_of_legends_index_html_haml___2265641137735987259_70208317116320'
Started GET "/league" for ::1 at 2019-11-16 12:46:33 +0000
Processing by LeagueOfLegendsController#index as HTML
  Rendering league_of_legends/index.html.haml within layouts/application
  Rendered league_of_legends/index.html.haml within layouts/application (5.0ms)
Completed 500 Internal Server Error in 11ms (ActiveRecord: 0.0ms)


  
ActionView::Template::Error (Missing partial league_of_legends/_header, application/_header with {:locale=>[:en], :formats=>[:html], :variants=>[], :handlers=>[:raw, :erb, :html, :builder, :ruby, :coffee, :jbuilder, :haml]}. Searched in:
  * "/Users/jp/SoRandom/app/views"
):
    1: lol
    2: 
    3: = render "header"
    4: = link_to "hello", root_path
    5: = link_to "Random Champion", league_champion_path
  
app/views/league_of_legends/index.html.haml:3:in `_app_views_league_of_legends_index_html_haml___2265641137735987259_70208321084580'
Started GET "/league" for ::1 at 2019-11-16 12:46:48 +0000
Processing by LeagueOfLegendsController#index as HTML
  Rendering league_of_legends/index.html.haml within layouts/application
  Rendered league_of_legends/index.html.haml within layouts/application (5.1ms)
Completed 500 Internal Server Error in 9ms (ActiveRecord: 0.0ms)


  
ActionView::Template::Error (Missing partial league_of_legends/_header, application/_header with {:locale=>[:en], :formats=>[:html], :variants=>[], :handlers=>[:raw, :erb, :html, :builder, :ruby, :coffee, :jbuilder, :haml]}. Searched in:
  * "/Users/jp/SoRandom/app/views"
):
    1: lol
    2: 
    3: = render "header"
    4: = link_to "hello", root_path
    5: = link_to "Random Champion", league_champion_path
  
app/views/league_of_legends/index.html.haml:3:in `_app_views_league_of_legends_index_html_haml___2265641137735987259_70208258906460'
Started GET "/league" for ::1 at 2019-11-16 12:46:50 +0000
Processing by LeagueOfLegendsController#index as HTML
  Rendering league_of_legends/index.html.haml within layouts/application
  Rendered league_of_legends/index.html.haml within layouts/application (3.3ms)
Completed 500 Internal Server Error in 6ms (ActiveRecord: 0.0ms)


  
ActionView::Template::Error (Missing partial league_of_legends/_header, application/_header with {:locale=>[:en], :formats=>[:html], :variants=>[], :handlers=>[:raw, :erb, :html, :builder, :ruby, :coffee, :jbuilder, :haml]}. Searched in:
  * "/Users/jp/SoRandom/app/views"
):
    1: lol
    2: 
    3: = render "header"
    4: = link_to "hello", root_path
    5: = link_to "Random Champion", league_champion_path
  
app/views/league_of_legends/index.html.haml:3:in `_app_views_league_of_legends_index_html_haml___2265641137735987259_70208298350200'
Started GET "/league" for ::1 at 2019-11-16 12:47:09 +0000
Processing by LeagueOfLegendsController#index as HTML
  Rendering league_of_legends/index.html.haml within layouts/application
  Rendered league_of_legends/index.html.haml within layouts/application (3.6ms)
Completed 500 Internal Server Error in 7ms (ActiveRecord: 0.0ms)


  
ActionView::Template::Error (Missing partial league_of_legends/_header, application/_header with {:locale=>[:en], :formats=>[:html], :variants=>[], :handlers=>[:raw, :erb, :html, :builder, :ruby, :coffee, :jbuilder, :haml]}. Searched in:
  * "/Users/jp/SoRandom/app/views"
):
    1: lol
    2: 
    3: = render "header"
    4: = link_to "hello", root_path
    5: = link_to "Random Champion", league_champion_path
  
app/views/league_of_legends/index.html.haml:3:in `_app_views_league_of_legends_index_html_haml___2265641137735987259_70208318210640'
Started GET "/league" for ::1 at 2019-11-16 12:47:16 +0000
Processing by LeagueOfLegendsController#index as HTML
  Rendering league_of_legends/index.html.haml within layouts/application
  Rendered partials/_header.html.haml (173.1ms)
  Rendered league_of_legends/index.html.haml within layouts/application (177.6ms)
Completed 500 Internal Server Error in 181ms (ActiveRecord: 0.0ms)


  
ActionView::Template::Error (undefined method `url' for #<#<Class:0x00007fb54a3d1df8>:0x00007fb5492f09d0>
Did you mean?  URI):
    1: / Just an image
    2: %nav.navbar.navbar-light.bg-light
    3:   %a.navbar-brand{:href => "#"}
    4:     %img{:alt => "", :height => "30", :src => -url("soRNDM.png"), :width => "30"}/
  
app/views/partials/_header.html.haml:4:in `_app_views_partials__header_html_haml__2088064450605981681_70208296845360'
app/views/league_of_legends/index.html.haml:3:in `_app_views_league_of_legends_index_html_haml___2265641137735987259_70208296814840'
Started GET "/league" for ::1 at 2019-11-16 12:47:33 +0000
Processing by LeagueOfLegendsController#index as HTML
  Rendering league_of_legends/index.html.haml within layouts/application
  Rendered partials/_header.html.haml (5.2ms)
  Rendered league_of_legends/index.html.haml within layouts/application (8.4ms)
Completed 200 OK in 83ms (Views: 81.4ms | ActiveRecord: 0.0ms)


Started GET "/soRNDM.png" for ::1 at 2019-11-16 12:47:33 +0000
  
ActionController::RoutingError (No route matches [GET] "/soRNDM.png"):
  
actionpack (5.2.3) lib/action_dispatch/middleware/debug_exceptions.rb:65:in `call'
web-console (3.7.0) lib/web_console/middleware.rb:135:in `call_app'
web-console (3.7.0) lib/web_console/middleware.rb:30:in `block in call'
web-console (3.7.0) lib/web_console/middleware.rb:20:in `catch'
web-console (3.7.0) lib/web_console/middleware.rb:20:in `call'
actionpack (5.2.3) lib/action_dispatch/middleware/show_exceptions.rb:33:in `call'
railties (5.2.3) lib/rails/rack/logger.rb:38:in `call_app'
railties (5.2.3) lib/rails/rack/logger.rb:26:in `block in call'
activesupport (5.2.3) lib/active_support/tagged_logging.rb:71:in `block in tagged'
activesupport (5.2.3) lib/active_support/tagged_logging.rb:28:in `tagged'
activesupport (5.2.3) lib/active_support/tagged_logging.rb:71:in `tagged'
railties (5.2.3) lib/rails/rack/logger.rb:26:in `call'
sprockets-rails (3.2.1) lib/sprockets/rails/quiet_assets.rb:13:in `call'
actionpack (5.2.3) lib/action_dispatch/middleware/remote_ip.rb:81:in `call'
actionpack (5.2.3) lib/action_dispatch/middleware/request_id.rb:27:in `call'
rack (2.0.7) lib/rack/method_override.rb:22:in `call'
rack (2.0.7) lib/rack/runtime.rb:22:in `call'
activesupport (5.2.3) lib/active_support/cache/strategy/local_cache_middleware.rb:29:in `call'
actionpack (5.2.3) lib/action_dispatch/middleware/executor.rb:14:in `call'
actionpack (5.2.3) lib/action_dispatch/middleware/static.rb:127:in `call'
rack (2.0.7) lib/rack/sendfile.rb:111:in `call'
railties (5.2.3) lib/rails/engine.rb:524:in `call'
puma (3.12.1) lib/puma/configuration.rb:227:in `call'
puma (3.12.1) lib/puma/server.rb:660:in `handle_request'
puma (3.12.1) lib/puma/server.rb:474:in `process_client'
puma (3.12.1) lib/puma/server.rb:334:in `block in run'
puma (3.12.1) lib/puma/thread_pool.rb:135:in `block in spawn_thread'
Started GET "/league" for ::1 at 2019-11-16 12:47:42 +0000
Processing by LeagueOfLegendsController#index as HTML
  Rendering league_of_legends/index.html.haml within layouts/application
  Rendered partials/_header.html.haml (5.4ms)
  Rendered league_of_legends/index.html.haml within layouts/application (9.5ms)
Completed 200 OK in 71ms (Views: 69.5ms | ActiveRecord: 0.0ms)


Started GET "/soRNDM.png" for ::1 at 2019-11-16 12:47:43 +0000
  
ActionController::RoutingError (No route matches [GET] "/soRNDM.png"):
  
actionpack (5.2.3) lib/action_dispatch/middleware/debug_exceptions.rb:65:in `call'
web-console (3.7.0) lib/web_console/middleware.rb:135:in `call_app'
web-console (3.7.0) lib/web_console/middleware.rb:30:in `block in call'
web-console (3.7.0) lib/web_console/middleware.rb:20:in `catch'
web-console (3.7.0) lib/web_console/middleware.rb:20:in `call'
actionpack (5.2.3) lib/action_dispatch/middleware/show_exceptions.rb:33:in `call'
railties (5.2.3) lib/rails/rack/logger.rb:38:in `call_app'
railties (5.2.3) lib/rails/rack/logger.rb:26:in `block in call'
activesupport (5.2.3) lib/active_support/tagged_logging.rb:71:in `block in tagged'
activesupport (5.2.3) lib/active_support/tagged_logging.rb:28:in `tagged'
activesupport (5.2.3) lib/active_support/tagged_logging.rb:71:in `tagged'
railties (5.2.3) lib/rails/rack/logger.rb:26:in `call'
sprockets-rails (3.2.1) lib/sprockets/rails/quiet_assets.rb:13:in `call'
actionpack (5.2.3) lib/action_dispatch/middleware/remote_ip.rb:81:in `call'
actionpack (5.2.3) lib/action_dispatch/middleware/request_id.rb:27:in `call'
rack (2.0.7) lib/rack/method_override.rb:22:in `call'
rack (2.0.7) lib/rack/runtime.rb:22:in `call'
activesupport (5.2.3) lib/active_support/cache/strategy/local_cache_middleware.rb:29:in `call'
actionpack (5.2.3) lib/action_dispatch/middleware/executor.rb:14:in `call'
actionpack (5.2.3) lib/action_dispatch/middleware/static.rb:127:in `call'
rack (2.0.7) lib/rack/sendfile.rb:111:in `call'
railties (5.2.3) lib/rails/engine.rb:524:in `call'
puma (3.12.1) lib/puma/configuration.rb:227:in `call'
puma (3.12.1) lib/puma/server.rb:660:in `handle_request'
puma (3.12.1) lib/puma/server.rb:474:in `process_client'
puma (3.12.1) lib/puma/server.rb:334:in `block in run'
puma (3.12.1) lib/puma/thread_pool.rb:135:in `block in spawn_thread'
Started GET "/league" for ::1 at 2019-11-16 12:49:02 +0000
Processing by LeagueOfLegendsController#index as HTML
  Rendering league_of_legends/index.html.haml within layouts/application
  Rendered partials/_header.html.haml (5.6ms)
  Rendered league_of_legends/index.html.haml within layouts/application (20.2ms)
Completed 200 OK in 139ms (Views: 130.7ms | ActiveRecord: 0.0ms)


Started GET "/images/soRNDM.png" for ::1 at 2019-11-16 12:49:02 +0000
  
ActionController::RoutingError (No route matches [GET] "/images/soRNDM.png"):
  
actionpack (5.2.3) lib/action_dispatch/middleware/debug_exceptions.rb:65:in `call'
web-console (3.7.0) lib/web_console/middleware.rb:135:in `call_app'
web-console (3.7.0) lib/web_console/middleware.rb:30:in `block in call'
web-console (3.7.0) lib/web_console/middleware.rb:20:in `catch'
web-console (3.7.0) lib/web_console/middleware.rb:20:in `call'
actionpack (5.2.3) lib/action_dispatch/middleware/show_exceptions.rb:33:in `call'
railties (5.2.3) lib/rails/rack/logger.rb:38:in `call_app'
railties (5.2.3) lib/rails/rack/logger.rb:26:in `block in call'
activesupport (5.2.3) lib/active_support/tagged_logging.rb:71:in `block in tagged'
activesupport (5.2.3) lib/active_support/tagged_logging.rb:28:in `tagged'
activesupport (5.2.3) lib/active_support/tagged_logging.rb:71:in `tagged'
railties (5.2.3) lib/rails/rack/logger.rb:26:in `call'
sprockets-rails (3.2.1) lib/sprockets/rails/quiet_assets.rb:13:in `call'
actionpack (5.2.3) lib/action_dispatch/middleware/remote_ip.rb:81:in `call'
actionpack (5.2.3) lib/action_dispatch/middleware/request_id.rb:27:in `call'
rack (2.0.7) lib/rack/method_override.rb:22:in `call'
rack (2.0.7) lib/rack/runtime.rb:22:in `call'
activesupport (5.2.3) lib/active_support/cache/strategy/local_cache_middleware.rb:29:in `call'
actionpack (5.2.3) lib/action_dispatch/middleware/executor.rb:14:in `call'
actionpack (5.2.3) lib/action_dispatch/middleware/static.rb:127:in `call'
rack (2.0.7) lib/rack/sendfile.rb:111:in `call'
railties (5.2.3) lib/rails/engine.rb:524:in `call'
puma (3.12.1) lib/puma/configuration.rb:227:in `call'
puma (3.12.1) lib/puma/server.rb:660:in `handle_request'
puma (3.12.1) lib/puma/server.rb:474:in `process_client'
puma (3.12.1) lib/puma/server.rb:334:in `block in run'
puma (3.12.1) lib/puma/thread_pool.rb:135:in `block in spawn_thread'
Started GET "/" for ::1 at 2019-11-16 12:49:46 +0000
Processing by HomeController#landing as HTML
  Rendering home/landing.html.haml within layouts/application
  Rendered home/landing.html.haml within layouts/application (16.3ms)
Completed 200 OK in 299ms (Views: 292.8ms | ActiveRecord: 0.0ms)


Started GET "/league" for ::1 at 2019-11-16 12:49:48 +0000
Processing by LeagueOfLegendsController#index as HTML
  Rendering league_of_legends/index.html.haml within layouts/application
  Rendered partials/_header.html.haml (12.2ms)
  Rendered league_of_legends/index.html.haml within layouts/application (16.2ms)
Completed 500 Internal Server Error in 20ms (ActiveRecord: 0.0ms)


  
SyntaxError (/Users/jp/SoRandom/app/views/partials/_header.html.haml:4: syntax error, unexpected '='
... "", :height => "30", :src => =image_tag "soRNDM.png, :width...
...                              ^
/Users/jp/SoRandom/app/views/partials/_header.html.haml:4: syntax error, unexpected tINTEGER, expecting ')'
..._tag "soRNDM.png, :width => "30")).to_s);; _hamlout.buffer <...
...                             ^~
/Users/jp/SoRandom/app/views/partials/_header.html.haml:4: syntax error, unexpected backslash
...to_s);; _hamlout.buffer << (">\n</a>\n</nav>\n".freeze);::Ha...
...                              ^
/Users/jp/SoRandom/app/views/partials/_header.html.haml:4: unknown regexp options - av
/Users/jp/SoRandom/app/views/partials/_header.html.haml:4: syntax error, unexpected backslash
...ut.buffer << (">\n</a>\n</nav>\n".freeze);::Haml::Util.html_...
...                              ^
/Users/jp/SoRandom/app/views/partials/_header.html.haml:7: unterminated string meets end of file
          end
              ^
/Users/jp/SoRandom/app/views/partials/_header.html.haml:7: syntax error, unexpected end-of-input, expecting ')'):
  
app/views/partials/_header.html.haml:4: syntax error, unexpected '='
app/views/partials/_header.html.haml:4: syntax error, unexpected tINTEGER, expecting ')'
app/views/partials/_header.html.haml:4: syntax error, unexpected backslash
app/views/partials/_header.html.haml:4: unknown regexp options - av
app/views/partials/_header.html.haml:4: syntax error, unexpected backslash
app/views/partials/_header.html.haml:7: unterminated string meets end of file
app/views/partials/_header.html.haml:7: syntax error, unexpected end-of-input, expecting ')'
app/views/league_of_legends/index.html.haml:2:in `_app_views_league_of_legends_index_html_haml___2265641137735987259_70208306661460'
Started GET "/league" for ::1 at 2019-11-16 12:50:24 +0000
Processing by LeagueOfLegendsController#index as HTML
  Rendering league_of_legends/index.html.haml within layouts/application
  Rendered partials/_header.html.haml (3.5ms)
  Rendered league_of_legends/index.html.haml within layouts/application (7.8ms)
Completed 500 Internal Server Error in 16ms (ActiveRecord: 0.0ms)


  
SyntaxError (/Users/jp/SoRandom/app/views/partials/_header.html.haml:5: syntax error, unexpected backslash, expecting ')'
....to_s);; _hamlout.buffer << ("\n</a>\n</nav>\n".freeze);::Ha...
...                              ^
/Users/jp/SoRandom/app/views/partials/_header.html.haml:5: unknown regexp options - av
/Users/jp/SoRandom/app/views/partials/_header.html.haml:5: syntax error, unexpected backslash
...out.buffer << ("\n</a>\n</nav>\n".freeze);::Haml::Util.html_...
...                              ^
/Users/jp/SoRandom/app/views/partials/_header.html.haml:8: unterminated string meets end of file
          end
              ^
/Users/jp/SoRandom/app/views/partials/_header.html.haml:8: syntax error, unexpected end-of-input, expecting ')'):
  
app/views/partials/_header.html.haml:5: syntax error, unexpected backslash, expecting ')'
app/views/partials/_header.html.haml:5: unknown regexp options - av
app/views/partials/_header.html.haml:5: syntax error, unexpected backslash
app/views/partials/_header.html.haml:8: unterminated string meets end of file
app/views/partials/_header.html.haml:8: syntax error, unexpected end-of-input, expecting ')'
app/views/league_of_legends/index.html.haml:2:in `_app_views_league_of_legends_index_html_haml___2265641137735987259_70208296945000'
Started GET "/league" for ::1 at 2019-11-16 12:50:46 +0000
Processing by LeagueOfLegendsController#index as HTML
  Rendering league_of_legends/index.html.haml within layouts/application
  Rendered partials/_header.html.haml (4.2ms)
  Rendered league_of_legends/index.html.haml within layouts/application (7.0ms)
Completed 500 Internal Server Error in 11ms (ActiveRecord: 0.0ms)


  
SyntaxError (/Users/jp/SoRandom/app/views/partials/_header.html.haml:5: syntax error, unexpected ')'
)).to_s);).to_s);; _hamlout.bu...
^
/Users/jp/SoRandom/app/views/partials/_header.html.haml:5: syntax error, unexpected ensure, expecting ')'
...:Util.html_safe(_erbout);ensure;@haml_buffer = @haml_buffer....
...                         ^~~~~~
/Users/jp/SoRandom/app/views/partials/_header.html.haml:5: syntax error, unexpected end, expecting ')'
...uffer.upper if @haml_buffer;end;
...                            ^~~
/Users/jp/SoRandom/app/views/partials/_header.html.haml:8: syntax error, unexpected end, expecting ')'
          end
          ^~~):
  
app/views/partials/_header.html.haml:5: syntax error, unexpected ')'
app/views/partials/_header.html.haml:5: syntax error, unexpected ensure, expecting ')'
app/views/partials/_header.html.haml:5: syntax error, unexpected end, expecting ')'
app/views/partials/_header.html.haml:8: syntax error, unexpected end, expecting ')'
app/views/league_of_legends/index.html.haml:2:in `_app_views_league_of_legends_index_html_haml___2265641137735987259_70208258624360'
Started GET "/league" for ::1 at 2019-11-16 12:50:50 +0000
Processing by LeagueOfLegendsController#index as HTML
  Rendering league_of_legends/index.html.haml within layouts/application
  Rendered partials/_header.html.haml (153.4ms)
  Rendered league_of_legends/index.html.haml within layouts/application (156.7ms)
Completed 200 OK in 189ms (Views: 187.5ms | ActiveRecord: 0.0ms)


Started GET "/league" for ::1 at 2019-11-16 12:51:20 +0000
Processing by LeagueOfLegendsController#index as HTML
  Rendering league_of_legends/index.html.haml within layouts/application
  Rendered partials/_header.html.haml (21.4ms)
  Rendered league_of_legends/index.html.haml within layouts/application (42.1ms)
Completed 200 OK in 119ms (Views: 111.4ms | ActiveRecord: 0.0ms)


Started GET "/league" for ::1 at 2019-11-16 12:51:45 +0000
Processing by LeagueOfLegendsController#index as HTML
  Rendering league_of_legends/index.html.haml within layouts/application
  Rendered partials/_header.html.haml (3.2ms)
  Rendered league_of_legends/index.html.haml within layouts/application (7.8ms)
Completed 500 Internal Server Error in 12ms (ActiveRecord: 0.0ms)


  
SyntaxError (/Users/jp/SoRandom/app/views/partials/_header.html.haml:4: syntax error, unexpected tIDENTIFIER, expecting ')'
...soRNDM.png", width: "30" height: "30"
...                         ^~~~~~):
  
app/views/partials/_header.html.haml:4: syntax error, unexpected tIDENTIFIER, expecting ')'
app/views/league_of_legends/index.html.haml:2:in `_app_views_league_of_legends_index_html_haml___2265641137735987259_70208325061320'
Started GET "/league" for ::1 at 2019-11-16 12:51:52 +0000
Processing by LeagueOfLegendsController#index as HTML
  Rendering league_of_legends/index.html.haml within layouts/application
  Rendered partials/_header.html.haml (4.4ms)
  Rendered league_of_legends/index.html.haml within layouts/application (8.0ms)
Completed 500 Internal Server Error in 12ms (ActiveRecord: 0.0ms)


  
SyntaxError (/Users/jp/SoRandom/app/views/partials/_header.html.haml:4: syntax error, unexpected tIDENTIFIER, expecting ')'
... "soRNDM.png", width: 30 height: 30
...                         ^~~~~~):
  
app/views/partials/_header.html.haml:4: syntax error, unexpected tIDENTIFIER, expecting ')'
app/views/league_of_legends/index.html.haml:2:in `_app_views_league_of_legends_index_html_haml___2265641137735987259_70208297644300'
Started GET "/league" for ::1 at 2019-11-16 12:52:29 +0000
Processing by LeagueOfLegendsController#index as HTML
  Rendering league_of_legends/index.html.haml within layouts/application
  Rendered partials/_header.html.haml (3.2ms)
  Rendered league_of_legends/index.html.haml within layouts/application (7.8ms)
Completed 500 Internal Server Error in 12ms (ActiveRecord: 0.0ms)


  
SyntaxError (/Users/jp/SoRandom/app/views/partials/_header.html.haml:4: syntax error, unexpected tIDENTIFIER, expecting ')'
...("soRNDM.png", width: 30 height: 30)
...                         ^~~~~~
/Users/jp/SoRandom/app/views/partials/_header.html.haml:5: syntax error, unexpected ')', expecting end
)).to_s);).to_s);; _hamlout.buffer << ("\n</n...
               ^):
  
app/views/partials/_header.html.haml:4: syntax error, unexpected tIDENTIFIER, expecting ')'
app/views/partials/_header.html.haml:5: syntax error, unexpected ')', expecting end
app/views/league_of_legends/index.html.haml:2:in `_app_views_league_of_legends_index_html_haml___2265641137735987259_70208317922240'
Started GET "/league" for ::1 at 2019-11-16 12:52:55 +0000
Processing by LeagueOfLegendsController#index as HTML
  Rendering league_of_legends/index.html.haml within layouts/application
  Rendered partials/_header.html.haml (6.5ms)
  Rendered league_of_legends/index.html.haml within layouts/application (10.3ms)
Completed 200 OK in 65ms (Views: 63.5ms | ActiveRecord: 0.0ms)


Started GET "/league" for ::1 at 2019-11-16 12:53:07 +0000
Processing by LeagueOfLegendsController#index as HTML
  Rendering league_of_legends/index.html.haml within layouts/application
  Rendered partials/_header.html.haml (5.5ms)
  Rendered league_of_legends/index.html.haml within layouts/application (8.8ms)
Completed 200 OK in 44ms (Views: 42.1ms | ActiveRecord: 0.0ms)


Started GET "/league" for ::1 at 2019-11-16 12:53:23 +0000
Processing by LeagueOfLegendsController#index as HTML
  Rendering league_of_legends/index.html.haml within layouts/application
  Rendered partials/_header.html.haml (4.6ms)
  Rendered league_of_legends/index.html.haml within layouts/application (8.2ms)
Completed 200 OK in 41ms (Views: 39.5ms | ActiveRecord: 0.0ms)


Started GET "/league" for ::1 at 2019-11-16 12:53:36 +0000
Processing by LeagueOfLegendsController#index as HTML
  Rendering league_of_legends/index.html.haml within layouts/application
  Rendered partials/_header.html.haml (5.3ms)
  Rendered league_of_legends/index.html.haml within layouts/application (8.8ms)
Completed 200 OK in 49ms (Views: 46.7ms | ActiveRecord: 0.0ms)


Started GET "/league" for ::1 at 2019-11-16 12:53:40 +0000
Processing by LeagueOfLegendsController#index as HTML
  Rendering league_of_legends/index.html.haml within layouts/application
  Rendered partials/_header.html.haml (5.0ms)
  Rendered league_of_legends/index.html.haml within layouts/application (8.3ms)
Completed 200 OK in 63ms (Views: 62.0ms | ActiveRecord: 0.0ms)


Started GET "/league" for ::1 at 2019-11-16 12:53:46 +0000
Processing by LeagueOfLegendsController#index as HTML
  Rendering league_of_legends/index.html.haml within layouts/application
  Rendered partials/_header.html.haml (4.7ms)
  Rendered league_of_legends/index.html.haml within layouts/application (8.5ms)
Completed 200 OK in 48ms (Views: 46.0ms | ActiveRecord: 0.0ms)


Started GET "/league" for ::1 at 2019-11-16 12:53:55 +0000
Processing by LeagueOfLegendsController#index as HTML
  Rendering league_of_legends/index.html.haml within layouts/application
  Rendered partials/_header.html.haml (3.9ms)
  Rendered league_of_legends/index.html.haml within layouts/application (7.4ms)
Completed 200 OK in 41ms (Views: 39.4ms | ActiveRecord: 0.0ms)


Started GET "/league" for ::1 at 2019-11-16 12:54:24 +0000
Processing by LeagueOfLegendsController#index as HTML
  Rendering league_of_legends/index.html.haml within layouts/application
  Rendered partials/_header.html.haml (5.5ms)
  Rendered league_of_legends/index.html.haml within layouts/application (8.9ms)
Completed 200 OK in 42ms (Views: 40.7ms | ActiveRecord: 0.0ms)


Started GET "/league" for ::1 at 2019-11-16 12:55:44 +0000
Processing by LeagueOfLegendsController#index as HTML
  Rendering league_of_legends/index.html.haml within layouts/application
  Rendered partials/_header.html.haml (5.3ms)
  Rendered league_of_legends/index.html.haml within layouts/application (9.2ms)
Completed 200 OK in 1672ms (Views: 1671.2ms | ActiveRecord: 0.0ms)


Started GET "/league" for ::1 at 2019-11-16 12:55:53 +0000
Processing by LeagueOfLegendsController#index as HTML
  Rendering league_of_legends/index.html.haml within layouts/application
  Rendered partials/_header.html.haml (4.6ms)
  Rendered league_of_legends/index.html.haml within layouts/application (9.5ms)
Completed 200 OK in 68ms (Views: 65.6ms | ActiveRecord: 0.0ms)


Started GET "/league/champion" for ::1 at 2019-11-16 12:57:41 +0000
Processing by LeagueOfLegendsController#champion as HTML
  Rendering league_of_legends/champion.html.haml within layouts/application
  Rendered league_of_legends/champion.html.haml within layouts/application (3.0ms)
Completed 200 OK in 59ms (Views: 56.7ms | ActiveRecord: 0.0ms)


Started GET "/" for ::1 at 2019-11-16 13:10:33 +0000
Processing by HomeController#landing as HTML
  Rendering home/landing.html.haml within layouts/application
  Rendered home/landing.html.haml within layouts/application (10.6ms)
Completed 200 OK in 109ms (Views: 99.3ms | ActiveRecord: 0.0ms)


Started GET "/" for ::1 at 2019-11-16 13:10:52 +0000
Processing by HomeController#landing as HTML
  Rendering home/landing.html.haml within layouts/application
  Rendered partials/_header.html.haml (7.4ms)
  Rendered home/landing.html.haml within layouts/application (12.0ms)
Completed 200 OK in 49ms (Views: 47.3ms | ActiveRecord: 0.0ms)


Started GET "/league" for ::1 at 2019-11-16 13:11:32 +0000
Processing by LeagueOfLegendsController#index as HTML
  Rendering league_of_legends/index.html.haml within layouts/application
  Rendered partials/_header.html.haml (4.9ms)
  Rendered league_of_legends/index.html.haml within layouts/application (8.8ms)
Completed 200 OK in 50ms (Views: 47.8ms | ActiveRecord: 0.0ms)


Started GET "/" for ::1 at 2019-11-16 13:11:35 +0000
Processing by HomeController#landing as HTML
  Rendering home/landing.html.haml within layouts/application
  Rendered partials/_header.html.haml (6.8ms)
  Rendered home/landing.html.haml within layouts/application (11.5ms)
Completed 200 OK in 66ms (Views: 63.7ms | ActiveRecord: 0.0ms)


Started GET "/" for ::1 at 2019-11-16 13:15:01 +0000
Processing by HomeController#landing as HTML
  Rendering home/landing.html.haml within layouts/application
  Rendered partials/_header.html.haml (7.4ms)
  Rendered home/landing.html.haml within layouts/application (19.7ms)
Completed 200 OK in 213ms (Views: 210.8ms | ActiveRecord: 0.0ms)


Started GET "/" for ::1 at 2019-11-16 13:16:47 +0000
Processing by HomeController#landing as HTML
  Rendering home/landing.html.haml within layouts/application
  Rendered partials/_header.html.haml (4.4ms)
  Rendered home/landing.html.haml within layouts/application (10.7ms)
Completed 200 OK in 49ms (Views: 46.8ms | ActiveRecord: 0.0ms)


Started GET "/" for ::1 at 2019-11-16 13:17:07 +0000
Processing by HomeController#landing as HTML
  Rendering home/landing.html.haml within layouts/application
  Rendered partials/_header.html.haml (4.4ms)
  Rendered home/landing.html.haml within layouts/application (12.5ms)
Completed 200 OK in 69ms (Views: 67.4ms | ActiveRecord: 0.0ms)


Started GET "/" for ::1 at 2019-11-16 13:23:27 +0000
Processing by HomeController#landing as HTML
  Rendering home/landing.html.haml within layouts/application
  Rendered partials/_header.html.haml (4.1ms)
  Rendered home/landing.html.haml within layouts/application (24.2ms)
Completed 500 Internal Server Error in 36ms (ActiveRecord: 0.0ms)


  
ActionView::Template::Error (Illegal nesting: content can't be both given on the same line as %a and nested within it.):
    1: / Just an image
    2: %nav.navbar.navbar-dark.bg-dark
    3:   %a.navbar-brand{:href => "#"}.mx-auto
    4:     =image_tag "soRNDM.png", style: 'width:15%'
  
app/views/partials/_header.html.haml:4
app/views/home/landing.html.haml:1:in `_app_views_home_landing_html_haml___4128191728914903539_70208298102280'
Started GET "/" for ::1 at 2019-11-16 13:23:42 +0000
Processing by HomeController#landing as HTML
  Rendering home/landing.html.haml within layouts/application
  Rendered partials/_header.html.haml (14.6ms)
  Rendered home/landing.html.haml within layouts/application (27.1ms)
Completed 200 OK in 117ms (Views: 115.0ms | ActiveRecord: 0.0ms)


Started GET "/" for ::1 at 2019-11-16 13:23:57 +0000
Processing by HomeController#landing as HTML
  Rendering home/landing.html.haml within layouts/application
  Rendered partials/_header.html.haml (3.9ms)
  Rendered home/landing.html.haml within layouts/application (13.4ms)
Completed 200 OK in 1561ms (Views: 1559.4ms | ActiveRecord: 0.0ms)


Started GET "/" for ::1 at 2019-11-16 13:24:19 +0000
Processing by HomeController#landing as HTML
  Rendering home/landing.html.haml within layouts/application
  Rendered partials/_header.html.haml (423.9ms)
  Rendered home/landing.html.haml within layouts/application (433.2ms)
Completed 200 OK in 540ms (Views: 532.3ms | ActiveRecord: 0.0ms)


